[0.056s] Invoking command in '/home/user/dd2419_ws/src/build/robp_interfaces': CMAKE_PREFIX_PATH=/opt/ros/humble /usr/bin/cmake --build /home/user/dd2419_ws/src/build/robp_interfaces -- -j8 -l8
[0.084s] [35m[1mConsolidate compiler generated dependencies of target robp_interfaces__rosidl_generator_c[0m
[0.094s] [ 12%] Built target robp_interfaces__cpp
[0.094s] [ 12%] Built target robp_interfaces__rosidl_generator_c
[0.099s] [ 12%] Built target ament_cmake_python_symlink_robp_interfaces
[0.103s] [35m[1mConsolidate compiler generated dependencies of target robp_interfaces__rosidl_typesupport_c[0m
[0.104s] [35m[1mConsolidate compiler generated dependencies of target robp_interfaces__rosidl_typesupport_introspection_c[0m
[0.104s] [35m[1mConsolidate compiler generated dependencies of target robp_interfaces__rosidl_typesupport_fastrtps_c[0m
[0.105s] [35m[1mConsolidate compiler generated dependencies of target robp_interfaces__rosidl_typesupport_introspection_cpp[0m
[0.105s] [35m[1mConsolidate compiler generated dependencies of target robp_interfaces__rosidl_typesupport_fastrtps_cpp[0m
[0.116s] [35m[1mConsolidate compiler generated dependencies of target robp_interfaces__rosidl_typesupport_cpp[0m
[0.118s] [ 23%] Built target robp_interfaces__rosidl_typesupport_c
[0.119s] [ 33%] Built target robp_interfaces__rosidl_typesupport_introspection_c
[0.121s] [ 43%] Built target robp_interfaces__rosidl_typesupport_introspection_cpp
[0.121s] [ 53%] Built target robp_interfaces__rosidl_typesupport_fastrtps_c
[0.126s] [ 64%] Built target robp_interfaces__rosidl_typesupport_fastrtps_cpp
[0.129s] [ 74%] Built target robp_interfaces__rosidl_typesupport_cpp
[0.144s] [ 74%] Built target robp_interfaces
[0.158s] [ 76%] Built target robp_interfaces__py
[0.166s] [35m[1mConsolidate compiler generated dependencies of target robp_interfaces__rosidl_generator_py[0m
[0.175s] [ 84%] Built target robp_interfaces__rosidl_generator_py
[0.183s] [35m[1mConsolidate compiler generated dependencies of target robp_interfaces__rosidl_typesupport_c__pyext[0m
[0.183s] [35m[1mConsolidate compiler generated dependencies of target robp_interfaces__rosidl_typesupport_introspection_c__pyext[0m
[0.185s] [35m[1mConsolidate compiler generated dependencies of target robp_interfaces__rosidl_typesupport_fastrtps_c__pyext[0m
[0.192s] [ 89%] Built target robp_interfaces__rosidl_typesupport_introspection_c__pyext
[0.193s] [ 94%] Built target robp_interfaces__rosidl_typesupport_c__pyext
[0.197s] [100%] Built target robp_interfaces__rosidl_typesupport_fastrtps_c__pyext
[0.280s] running egg_info
[0.280s] writing robp_interfaces.egg-info/PKG-INFO
[0.280s] writing dependency_links to robp_interfaces.egg-info/dependency_links.txt
[0.280s] writing top-level names to robp_interfaces.egg-info/top_level.txt
[0.282s] reading manifest file 'robp_interfaces.egg-info/SOURCES.txt'
[0.282s] writing manifest file 'robp_interfaces.egg-info/SOURCES.txt'
[0.301s] [100%] Built target ament_cmake_python_build_robp_interfaces_egg
[0.309s] Invoked command in '/home/user/dd2419_ws/src/build/robp_interfaces' returned '0': CMAKE_PREFIX_PATH=/opt/ros/humble /usr/bin/cmake --build /home/user/dd2419_ws/src/build/robp_interfaces -- -j8 -l8
[0.354s] Invoking command in '/home/user/dd2419_ws/src/build/robp_interfaces': CMAKE_PREFIX_PATH=/opt/ros/humble /usr/bin/cmake --install /home/user/dd2419_ws/src/build/robp_interfaces
[0.360s] -- Install configuration: ""
[0.360s] -- Execute custom install script
[0.360s] -- Up-to-date symlink: /home/user/dd2419_ws/src/install/robp_interfaces/share/ament_index/resource_index/rosidl_interfaces/robp_interfaces
[0.361s] -- Up-to-date symlink: /home/user/dd2419_ws/src/install/robp_interfaces/include/robp_interfaces/robp_interfaces/msg/detail/duty_cycles__functions.h
[0.361s] -- Up-to-date symlink: /home/user/dd2419_ws/src/install/robp_interfaces/include/robp_interfaces/robp_interfaces/msg/detail/duty_cycles__struct.h
[0.361s] -- Up-to-date symlink: /home/user/dd2419_ws/src/install/robp_interfaces/include/robp_interfaces/robp_interfaces/msg/detail/duty_cycles__type_support.h
[0.361s] -- Up-to-date symlink: /home/user/dd2419_ws/src/install/robp_interfaces/include/robp_interfaces/robp_interfaces/msg/detail/encoders__functions.h
[0.361s] -- Up-to-date symlink: /home/user/dd2419_ws/src/install/robp_interfaces/include/robp_interfaces/robp_interfaces/msg/detail/encoders__struct.h
[0.361s] -- Up-to-date symlink: /home/user/dd2419_ws/src/install/robp_interfaces/include/robp_interfaces/robp_interfaces/msg/detail/encoders__type_support.h
[0.361s] -- Up-to-date symlink: /home/user/dd2419_ws/src/install/robp_interfaces/include/robp_interfaces/robp_interfaces/msg/duty_cycles.h
[0.361s] -- Up-to-date symlink: /home/user/dd2419_ws/src/install/robp_interfaces/include/robp_interfaces/robp_interfaces/msg/encoders.h
[0.361s] -- Up-to-date symlink: /home/user/dd2419_ws/src/install/robp_interfaces/include/robp_interfaces/robp_interfaces/msg/rosidl_generator_c__visibility_control.h
[0.361s] -- Up-to-date symlink: /home/user/dd2419_ws/src/install/robp_interfaces/share/robp_interfaces/environment/library_path.sh
[0.361s] -- Up-to-date symlink: /home/user/dd2419_ws/src/install/robp_interfaces/share/robp_interfaces/environment/library_path.dsv
[0.362s] -- Up-to-date symlink: /home/user/dd2419_ws/src/install/robp_interfaces/include/robp_interfaces/robp_interfaces/msg/detail/duty_cycles__rosidl_typesupport_fastrtps_c.h
[0.362s] -- Up-to-date symlink: /home/user/dd2419_ws/src/install/robp_interfaces/include/robp_interfaces/robp_interfaces/msg/detail/encoders__rosidl_typesupport_fastrtps_c.h
[0.362s] -- Up-to-date symlink: /home/user/dd2419_ws/src/install/robp_interfaces/include/robp_interfaces/robp_interfaces/msg/rosidl_typesupport_fastrtps_c__visibility_control.h
[0.362s] -- Up-to-date symlink: /home/user/dd2419_ws/src/install/robp_interfaces/include/robp_interfaces/robp_interfaces/msg/detail/duty_cycles__rosidl_typesupport_introspection_c.h
[0.362s] -- Up-to-date symlink: /home/user/dd2419_ws/src/install/robp_interfaces/include/robp_interfaces/robp_interfaces/msg/detail/encoders__rosidl_typesupport_introspection_c.h
[0.362s] -- Up-to-date symlink: /home/user/dd2419_ws/src/install/robp_interfaces/include/robp_interfaces/robp_interfaces/msg/rosidl_typesupport_introspection_c__visibility_control.h
[0.362s] -- Up-to-date symlink: /home/user/dd2419_ws/src/install/robp_interfaces/include/robp_interfaces/robp_interfaces/msg/detail/duty_cycles__builder.hpp
[0.362s] -- Up-to-date symlink: /home/user/dd2419_ws/src/install/robp_interfaces/include/robp_interfaces/robp_interfaces/msg/detail/duty_cycles__struct.hpp
[0.362s] -- Up-to-date symlink: /home/user/dd2419_ws/src/install/robp_interfaces/include/robp_interfaces/robp_interfaces/msg/detail/duty_cycles__traits.hpp
[0.362s] -- Up-to-date symlink: /home/user/dd2419_ws/src/install/robp_interfaces/include/robp_interfaces/robp_interfaces/msg/detail/encoders__builder.hpp
[0.362s] -- Up-to-date symlink: /home/user/dd2419_ws/src/install/robp_interfaces/include/robp_interfaces/robp_interfaces/msg/detail/encoders__struct.hpp
[0.363s] -- Up-to-date symlink: /home/user/dd2419_ws/src/install/robp_interfaces/include/robp_interfaces/robp_interfaces/msg/detail/encoders__traits.hpp
[0.363s] -- Up-to-date symlink: /home/user/dd2419_ws/src/install/robp_interfaces/include/robp_interfaces/robp_interfaces/msg/duty_cycles.hpp
[0.363s] -- Up-to-date symlink: /home/user/dd2419_ws/src/install/robp_interfaces/include/robp_interfaces/robp_interfaces/msg/encoders.hpp
[0.363s] -- Up-to-date symlink: /home/user/dd2419_ws/src/install/robp_interfaces/include/robp_interfaces/robp_interfaces/msg/detail/duty_cycles__rosidl_typesupport_fastrtps_cpp.hpp
[0.363s] -- Up-to-date symlink: /home/user/dd2419_ws/src/install/robp_interfaces/include/robp_interfaces/robp_interfaces/msg/detail/encoders__rosidl_typesupport_fastrtps_cpp.hpp
[0.363s] -- Up-to-date symlink: /home/user/dd2419_ws/src/install/robp_interfaces/include/robp_interfaces/robp_interfaces/msg/rosidl_typesupport_fastrtps_cpp__visibility_control.h
[0.363s] -- Up-to-date symlink: /home/user/dd2419_ws/src/install/robp_interfaces/include/robp_interfaces/robp_interfaces/msg/detail/duty_cycles__rosidl_typesupport_introspection_cpp.hpp
[0.363s] -- Up-to-date symlink: /home/user/dd2419_ws/src/install/robp_interfaces/include/robp_interfaces/robp_interfaces/msg/detail/encoders__rosidl_typesupport_introspection_cpp.hpp
[0.363s] -- Up-to-date symlink: /home/user/dd2419_ws/src/install/robp_interfaces/share/robp_interfaces/environment/pythonpath.sh
[0.363s] -- Up-to-date symlink: /home/user/dd2419_ws/src/install/robp_interfaces/share/robp_interfaces/environment/pythonpath.dsv
[0.364s] -- Up-to-date symlink: /home/user/dd2419_ws/src/install/robp_interfaces/local/lib/python3.10/dist-packages/robp_interfaces-1.0.0-py3.10.egg-info/PKG-INFO
[0.364s] -- Up-to-date symlink: /home/user/dd2419_ws/src/install/robp_interfaces/local/lib/python3.10/dist-packages/robp_interfaces-1.0.0-py3.10.egg-info/SOURCES.txt
[0.364s] -- Up-to-date symlink: /home/user/dd2419_ws/src/install/robp_interfaces/local/lib/python3.10/dist-packages/robp_interfaces-1.0.0-py3.10.egg-info/dependency_links.txt
[0.364s] -- Up-to-date symlink: /home/user/dd2419_ws/src/install/robp_interfaces/local/lib/python3.10/dist-packages/robp_interfaces-1.0.0-py3.10.egg-info/top_level.txt
[0.364s] -- Up-to-date symlink: /home/user/dd2419_ws/src/install/robp_interfaces/local/lib/python3.10/dist-packages/robp_interfaces/__init__.py
[0.364s] -- Up-to-date symlink: /home/user/dd2419_ws/src/install/robp_interfaces/local/lib/python3.10/dist-packages/robp_interfaces/_robp_interfaces_s.ep.rosidl_typesupport_c.c
[0.364s] -- Up-to-date symlink: /home/user/dd2419_ws/src/install/robp_interfaces/local/lib/python3.10/dist-packages/robp_interfaces/_robp_interfaces_s.ep.rosidl_typesupport_fastrtps_c.c
[0.364s] -- Up-to-date symlink: /home/user/dd2419_ws/src/install/robp_interfaces/local/lib/python3.10/dist-packages/robp_interfaces/_robp_interfaces_s.ep.rosidl_typesupport_introspection_c.c
[0.364s] -- Up-to-date symlink: /home/user/dd2419_ws/src/install/robp_interfaces/local/lib/python3.10/dist-packages/robp_interfaces/librobp_interfaces__rosidl_generator_py.so
[0.364s] -- Up-to-date symlink: /home/user/dd2419_ws/src/install/robp_interfaces/local/lib/python3.10/dist-packages/robp_interfaces/msg/__init__.py
[0.365s] -- Up-to-date symlink: /home/user/dd2419_ws/src/install/robp_interfaces/local/lib/python3.10/dist-packages/robp_interfaces/msg/_duty_cycles.py
[0.365s] -- Up-to-date symlink: /home/user/dd2419_ws/src/install/robp_interfaces/local/lib/python3.10/dist-packages/robp_interfaces/msg/_duty_cycles_s.c
[0.365s] -- Up-to-date symlink: /home/user/dd2419_ws/src/install/robp_interfaces/local/lib/python3.10/dist-packages/robp_interfaces/msg/_encoders.py
[0.365s] -- Up-to-date symlink: /home/user/dd2419_ws/src/install/robp_interfaces/local/lib/python3.10/dist-packages/robp_interfaces/msg/_encoders_s.c
[0.365s] -- Up-to-date symlink: /home/user/dd2419_ws/src/install/robp_interfaces/local/lib/python3.10/dist-packages/robp_interfaces/robp_interfaces_s__rosidl_typesupport_c.cpython-310-x86_64-linux-gnu.so
[0.365s] -- Up-to-date symlink: /home/user/dd2419_ws/src/install/robp_interfaces/local/lib/python3.10/dist-packages/robp_interfaces/robp_interfaces_s__rosidl_typesupport_fastrtps_c.cpython-310-x86_64-linux-gnu.so
[0.365s] -- Up-to-date symlink: /home/user/dd2419_ws/src/install/robp_interfaces/local/lib/python3.10/dist-packages/robp_interfaces/robp_interfaces_s__rosidl_typesupport_introspection_c.cpython-310-x86_64-linux-gnu.so
[0.365s] -- Up-to-date symlink: /home/user/dd2419_ws/src/install/robp_interfaces/local/lib/python3.10/dist-packages/robp_interfaces/robp_interfaces_s__rosidl_typesupport_fastrtps_c.cpython-310-x86_64-linux-gnu.so
[0.365s] -- Up-to-date symlink: /home/user/dd2419_ws/src/install/robp_interfaces/local/lib/python3.10/dist-packages/robp_interfaces/robp_interfaces_s__rosidl_typesupport_introspection_c.cpython-310-x86_64-linux-gnu.so
[0.365s] -- Up-to-date symlink: /home/user/dd2419_ws/src/install/robp_interfaces/local/lib/python3.10/dist-packages/robp_interfaces/robp_interfaces_s__rosidl_typesupport_c.cpython-310-x86_64-linux-gnu.so
[0.365s] -- Up-to-date symlink: /home/user/dd2419_ws/src/install/robp_interfaces/share/robp_interfaces/msg/DutyCycles.idl
[0.366s] -- Up-to-date symlink: /home/user/dd2419_ws/src/install/robp_interfaces/share/robp_interfaces/msg/Encoders.idl
[0.366s] -- Up-to-date symlink: /home/user/dd2419_ws/src/install/robp_interfaces/share/robp_interfaces/msg/DutyCycles.msg
[0.366s] -- Up-to-date symlink: /home/user/dd2419_ws/src/install/robp_interfaces/share/robp_interfaces/msg/Encoders.msg
[0.366s] -- Up-to-date symlink: /home/user/dd2419_ws/src/install/robp_interfaces/share/ament_index/resource_index/package_run_dependencies/robp_interfaces
[0.366s] -- Up-to-date symlink: /home/user/dd2419_ws/src/install/robp_interfaces/share/ament_index/resource_index/parent_prefix_path/robp_interfaces
[0.366s] -- Up-to-date symlink: /home/user/dd2419_ws/src/install/robp_interfaces/share/robp_interfaces/environment/ament_prefix_path.sh
[0.366s] -- Up-to-date symlink: /home/user/dd2419_ws/src/install/robp_interfaces/share/robp_interfaces/environment/ament_prefix_path.dsv
[0.366s] -- Up-to-date symlink: /home/user/dd2419_ws/src/install/robp_interfaces/share/robp_interfaces/environment/path.sh
[0.366s] -- Up-to-date symlink: /home/user/dd2419_ws/src/install/robp_interfaces/share/robp_interfaces/environment/path.dsv
[0.366s] -- Up-to-date symlink: /home/user/dd2419_ws/src/install/robp_interfaces/share/robp_interfaces/local_setup.bash
[0.366s] -- Up-to-date symlink: /home/user/dd2419_ws/src/install/robp_interfaces/share/robp_interfaces/local_setup.sh
[0.366s] -- Up-to-date symlink: /home/user/dd2419_ws/src/install/robp_interfaces/share/robp_interfaces/local_setup.zsh
[0.367s] -- Up-to-date symlink: /home/user/dd2419_ws/src/install/robp_interfaces/share/robp_interfaces/local_setup.dsv
[0.367s] -- Symlinking: /home/user/dd2419_ws/src/install/robp_interfaces/share/robp_interfaces/package.dsv
[0.373s] -- Up-to-date symlink: /home/user/dd2419_ws/src/install/robp_interfaces/share/ament_index/resource_index/packages/robp_interfaces
[0.373s] -- Up-to-date symlink: /home/user/dd2419_ws/src/install/robp_interfaces/share/robp_interfaces/cmake/rosidl_cmake-extras.cmake
[0.373s] -- Up-to-date symlink: /home/user/dd2419_ws/src/install/robp_interfaces/share/robp_interfaces/cmake/ament_cmake_export_dependencies-extras.cmake
[0.373s] -- Up-to-date symlink: /home/user/dd2419_ws/src/install/robp_interfaces/share/robp_interfaces/cmake/ament_cmake_export_include_directories-extras.cmake
[0.373s] -- Up-to-date symlink: /home/user/dd2419_ws/src/install/robp_interfaces/share/robp_interfaces/cmake/ament_cmake_export_libraries-extras.cmake
[0.373s] -- Up-to-date symlink: /home/user/dd2419_ws/src/install/robp_interfaces/share/robp_interfaces/cmake/ament_cmake_export_targets-extras.cmake
[0.373s] -- Up-to-date symlink: /home/user/dd2419_ws/src/install/robp_interfaces/share/robp_interfaces/cmake/rosidl_cmake_export_typesupport_targets-extras.cmake
[0.373s] -- Up-to-date symlink: /home/user/dd2419_ws/src/install/robp_interfaces/share/robp_interfaces/cmake/rosidl_cmake_export_typesupport_libraries-extras.cmake
[0.373s] -- Up-to-date symlink: /home/user/dd2419_ws/src/install/robp_interfaces/share/robp_interfaces/cmake/robp_interfacesConfig.cmake
[0.374s] -- Up-to-date symlink: /home/user/dd2419_ws/src/install/robp_interfaces/share/robp_interfaces/cmake/robp_interfacesConfig-version.cmake
[0.374s] -- Up-to-date symlink: /home/user/dd2419_ws/src/install/robp_interfaces/share/robp_interfaces/package.xml
[0.374s] -- Up-to-date: /home/user/dd2419_ws/src/install/robp_interfaces/lib/librobp_interfaces__rosidl_generator_c.so
[0.374s] -- Up-to-date: /home/user/dd2419_ws/src/install/robp_interfaces/lib/librobp_interfaces__rosidl_typesupport_fastrtps_c.so
[0.374s] -- Up-to-date: /home/user/dd2419_ws/src/install/robp_interfaces/lib/librobp_interfaces__rosidl_typesupport_introspection_c.so
[0.374s] -- Up-to-date: /home/user/dd2419_ws/src/install/robp_interfaces/lib/librobp_interfaces__rosidl_typesupport_c.so
[0.374s] -- Up-to-date: /home/user/dd2419_ws/src/install/robp_interfaces/lib/librobp_interfaces__rosidl_typesupport_fastrtps_cpp.so
[0.374s] -- Up-to-date: /home/user/dd2419_ws/src/install/robp_interfaces/lib/librobp_interfaces__rosidl_typesupport_introspection_cpp.so
[0.375s] -- Up-to-date: /home/user/dd2419_ws/src/install/robp_interfaces/lib/librobp_interfaces__rosidl_typesupport_cpp.so
[0.394s] Listing '/home/user/dd2419_ws/src/install/robp_interfaces/local/lib/python3.10/dist-packages/robp_interfaces'...
[0.395s] Listing '/home/user/dd2419_ws/src/install/robp_interfaces/local/lib/python3.10/dist-packages/robp_interfaces/msg'...
[0.397s] -- Up-to-date: /home/user/dd2419_ws/src/install/robp_interfaces/lib/librobp_interfaces__rosidl_generator_py.so
[0.398s] -- Up-to-date: /home/user/dd2419_ws/src/install/robp_interfaces/share/robp_interfaces/cmake/export_robp_interfaces__rosidl_generator_cExport.cmake
[0.398s] -- Up-to-date: /home/user/dd2419_ws/src/install/robp_interfaces/share/robp_interfaces/cmake/export_robp_interfaces__rosidl_generator_cExport-noconfig.cmake
[0.398s] -- Up-to-date: /home/user/dd2419_ws/src/install/robp_interfaces/share/robp_interfaces/cmake/export_robp_interfaces__rosidl_typesupport_fastrtps_cExport.cmake
[0.398s] -- Up-to-date: /home/user/dd2419_ws/src/install/robp_interfaces/share/robp_interfaces/cmake/export_robp_interfaces__rosidl_typesupport_fastrtps_cExport-noconfig.cmake
[0.398s] -- Up-to-date: /home/user/dd2419_ws/src/install/robp_interfaces/share/robp_interfaces/cmake/robp_interfaces__rosidl_typesupport_introspection_cExport.cmake
[0.398s] -- Up-to-date: /home/user/dd2419_ws/src/install/robp_interfaces/share/robp_interfaces/cmake/robp_interfaces__rosidl_typesupport_introspection_cExport-noconfig.cmake
[0.398s] -- Up-to-date: /home/user/dd2419_ws/src/install/robp_interfaces/share/robp_interfaces/cmake/robp_interfaces__rosidl_typesupport_cExport.cmake
[0.398s] -- Up-to-date: /home/user/dd2419_ws/src/install/robp_interfaces/share/robp_interfaces/cmake/robp_interfaces__rosidl_typesupport_cExport-noconfig.cmake
[0.398s] -- Up-to-date: /home/user/dd2419_ws/src/install/robp_interfaces/share/robp_interfaces/cmake/export_robp_interfaces__rosidl_generator_cppExport.cmake
[0.398s] -- Up-to-date: /home/user/dd2419_ws/src/install/robp_interfaces/share/robp_interfaces/cmake/export_robp_interfaces__rosidl_typesupport_fastrtps_cppExport.cmake
[0.398s] -- Up-to-date: /home/user/dd2419_ws/src/install/robp_interfaces/share/robp_interfaces/cmake/export_robp_interfaces__rosidl_typesupport_fastrtps_cppExport-noconfig.cmake
[0.398s] -- Up-to-date: /home/user/dd2419_ws/src/install/robp_interfaces/share/robp_interfaces/cmake/robp_interfaces__rosidl_typesupport_introspection_cppExport.cmake
[0.398s] -- Up-to-date: /home/user/dd2419_ws/src/install/robp_interfaces/share/robp_interfaces/cmake/robp_interfaces__rosidl_typesupport_introspection_cppExport-noconfig.cmake
[0.398s] -- Up-to-date: /home/user/dd2419_ws/src/install/robp_interfaces/share/robp_interfaces/cmake/robp_interfaces__rosidl_typesupport_cppExport.cmake
[0.398s] -- Up-to-date: /home/user/dd2419_ws/src/install/robp_interfaces/share/robp_interfaces/cmake/robp_interfaces__rosidl_typesupport_cppExport-noconfig.cmake
[0.398s] -- Up-to-date: /home/user/dd2419_ws/src/install/robp_interfaces/share/robp_interfaces/cmake/export_robp_interfaces__rosidl_generator_pyExport.cmake
[0.398s] -- Up-to-date: /home/user/dd2419_ws/src/install/robp_interfaces/share/robp_interfaces/cmake/export_robp_interfaces__rosidl_generator_pyExport-noconfig.cmake
[0.400s] Invoked command in '/home/user/dd2419_ws/src/build/robp_interfaces' returned '0': CMAKE_PREFIX_PATH=/opt/ros/humble /usr/bin/cmake --install /home/user/dd2419_ws/src/build/robp_interfaces
