[0.208s] Invoking command in '/home/user/dd2419_ws/src/build/robp_interfaces': CMAKE_PREFIX_PATH=${CMAKE_PREFIX_PATH}:/home/user/dd2419_ws/install/robp_interfaces:/opt/ros/humble /usr/bin/cmake --build /home/user/dd2419_ws/src/build/robp_interfaces -- -j8 -l8
[0.536s] [  2%] Built target robp_interfaces__cpp
[0.536s] [ 12%] Built target robp_interfaces__rosidl_generator_c
[0.537s] [ 12%] Built target ament_cmake_python_symlink_robp_interfaces
[0.537s] [ 23%] Built target robp_interfaces__rosidl_typesupport_fastrtps_cpp
[0.537s] [ 33%] Built target robp_interfaces__rosidl_typesupport_cpp
[0.537s] [ 43%] Built target robp_interfaces__rosidl_typesupport_introspection_c
[0.538s] [ 53%] Built target robp_interfaces__rosidl_typesupport_introspection_cpp
[0.538s] [ 64%] Built target robp_interfaces__rosidl_typesupport_fastrtps_c
[0.538s] [ 74%] Built target robp_interfaces__rosidl_typesupport_c
[0.539s] [ 74%] Built target robp_interfaces
[0.539s] [ 76%] Built target robp_interfaces__py
[0.539s] [ 84%] Built target robp_interfaces__rosidl_generator_py
[0.539s] [100%] Built target robp_interfaces__rosidl_typesupport_c__pyext
[0.539s] [100%] Built target robp_interfaces__rosidl_typesupport_fastrtps_c__pyext
[0.539s] [100%] Built target robp_interfaces__rosidl_typesupport_introspection_c__pyext
[0.539s] running egg_info
[0.539s] writing robp_interfaces.egg-info/PKG-INFO
[0.539s] writing dependency_links to robp_interfaces.egg-info/dependency_links.txt
[0.539s] writing top-level names to robp_interfaces.egg-info/top_level.txt
[0.539s] reading manifest file 'robp_interfaces.egg-info/SOURCES.txt'
[0.539s] writing manifest file 'robp_interfaces.egg-info/SOURCES.txt'
[0.558s] [100%] Built target ament_cmake_python_build_robp_interfaces_egg
[0.571s] Invoked command in '/home/user/dd2419_ws/src/build/robp_interfaces' returned '0': CMAKE_PREFIX_PATH=${CMAKE_PREFIX_PATH}:/home/user/dd2419_ws/install/robp_interfaces:/opt/ros/humble /usr/bin/cmake --build /home/user/dd2419_ws/src/build/robp_interfaces -- -j8 -l8
[0.650s] Invoking command in '/home/user/dd2419_ws/src/build/robp_interfaces': CMAKE_PREFIX_PATH=${CMAKE_PREFIX_PATH}:/home/user/dd2419_ws/install/robp_interfaces:/opt/ros/humble /usr/bin/cmake --install /home/user/dd2419_ws/src/build/robp_interfaces
[0.658s] -- Install configuration: ""
[0.659s] -- Execute custom install script
[0.659s] -- Up-to-date symlink: /home/user/dd2419_ws/src/install/robp_interfaces/share/ament_index/resource_index/rosidl_interfaces/robp_interfaces
[0.660s] -- Up-to-date symlink: /home/user/dd2419_ws/src/install/robp_interfaces/include/robp_interfaces/robp_interfaces/msg/detail/duty_cycles__functions.h
[0.660s] -- Up-to-date symlink: /home/user/dd2419_ws/src/install/robp_interfaces/include/robp_interfaces/robp_interfaces/msg/detail/duty_cycles__struct.h
[0.660s] -- Up-to-date symlink: /home/user/dd2419_ws/src/install/robp_interfaces/include/robp_interfaces/robp_interfaces/msg/detail/duty_cycles__type_support.h
[0.660s] -- Up-to-date symlink: /home/user/dd2419_ws/src/install/robp_interfaces/include/robp_interfaces/robp_interfaces/msg/detail/encoders__functions.h
[0.661s] -- Up-to-date symlink: /home/user/dd2419_ws/src/install/robp_interfaces/include/robp_interfaces/robp_interfaces/msg/detail/encoders__struct.h
[0.661s] -- Up-to-date symlink: /home/user/dd2419_ws/src/install/robp_interfaces/include/robp_interfaces/robp_interfaces/msg/detail/encoders__type_support.h
[0.661s] -- Up-to-date symlink: /home/user/dd2419_ws/src/install/robp_interfaces/include/robp_interfaces/robp_interfaces/msg/duty_cycles.h
[0.661s] -- Up-to-date symlink: /home/user/dd2419_ws/src/install/robp_interfaces/include/robp_interfaces/robp_interfaces/msg/encoders.h
[0.661s] -- Up-to-date symlink: /home/user/dd2419_ws/src/install/robp_interfaces/include/robp_interfaces/robp_interfaces/msg/rosidl_generator_c__visibility_control.h
[0.662s] -- Up-to-date symlink: /home/user/dd2419_ws/src/install/robp_interfaces/share/robp_interfaces/environment/library_path.sh
[0.662s] -- Up-to-date symlink: /home/user/dd2419_ws/src/install/robp_interfaces/share/robp_interfaces/environment/library_path.dsv
[0.662s] -- Up-to-date symlink: /home/user/dd2419_ws/src/install/robp_interfaces/include/robp_interfaces/robp_interfaces/msg/detail/duty_cycles__rosidl_typesupport_fastrtps_c.h
[0.662s] -- Up-to-date symlink: /home/user/dd2419_ws/src/install/robp_interfaces/include/robp_interfaces/robp_interfaces/msg/detail/encoders__rosidl_typesupport_fastrtps_c.h
[0.663s] -- Up-to-date symlink: /home/user/dd2419_ws/src/install/robp_interfaces/include/robp_interfaces/robp_interfaces/msg/rosidl_typesupport_fastrtps_c__visibility_control.h
[0.663s] -- Up-to-date symlink: /home/user/dd2419_ws/src/install/robp_interfaces/include/robp_interfaces/robp_interfaces/msg/detail/duty_cycles__rosidl_typesupport_introspection_c.h
[0.663s] -- Up-to-date symlink: /home/user/dd2419_ws/src/install/robp_interfaces/include/robp_interfaces/robp_interfaces/msg/detail/encoders__rosidl_typesupport_introspection_c.h
[0.663s] -- Up-to-date symlink: /home/user/dd2419_ws/src/install/robp_interfaces/include/robp_interfaces/robp_interfaces/msg/rosidl_typesupport_introspection_c__visibility_control.h
[0.664s] -- Up-to-date symlink: /home/user/dd2419_ws/src/install/robp_interfaces/include/robp_interfaces/robp_interfaces/msg/detail/duty_cycles__builder.hpp
[0.664s] -- Up-to-date symlink: /home/user/dd2419_ws/src/install/robp_interfaces/include/robp_interfaces/robp_interfaces/msg/detail/duty_cycles__struct.hpp
[0.664s] -- Up-to-date symlink: /home/user/dd2419_ws/src/install/robp_interfaces/include/robp_interfaces/robp_interfaces/msg/detail/duty_cycles__traits.hpp
[0.664s] -- Up-to-date symlink: /home/user/dd2419_ws/src/install/robp_interfaces/include/robp_interfaces/robp_interfaces/msg/detail/encoders__builder.hpp
[0.664s] -- Up-to-date symlink: /home/user/dd2419_ws/src/install/robp_interfaces/include/robp_interfaces/robp_interfaces/msg/detail/encoders__struct.hpp
[0.665s] -- Up-to-date symlink: /home/user/dd2419_ws/src/install/robp_interfaces/include/robp_interfaces/robp_interfaces/msg/detail/encoders__traits.hpp
[0.665s] -- Up-to-date symlink: /home/user/dd2419_ws/src/install/robp_interfaces/include/robp_interfaces/robp_interfaces/msg/duty_cycles.hpp
[0.665s] -- Up-to-date symlink: /home/user/dd2419_ws/src/install/robp_interfaces/include/robp_interfaces/robp_interfaces/msg/encoders.hpp
[0.666s] -- Up-to-date symlink: /home/user/dd2419_ws/src/install/robp_interfaces/include/robp_interfaces/robp_interfaces/msg/detail/duty_cycles__rosidl_typesupport_fastrtps_cpp.hpp
[0.666s] -- Up-to-date symlink: /home/user/dd2419_ws/src/install/robp_interfaces/include/robp_interfaces/robp_interfaces/msg/detail/encoders__rosidl_typesupport_fastrtps_cpp.hpp
[0.666s] -- Up-to-date symlink: /home/user/dd2419_ws/src/install/robp_interfaces/include/robp_interfaces/robp_interfaces/msg/rosidl_typesupport_fastrtps_cpp__visibility_control.h
[0.667s] -- Up-to-date symlink: /home/user/dd2419_ws/src/install/robp_interfaces/include/robp_interfaces/robp_interfaces/msg/detail/duty_cycles__rosidl_typesupport_introspection_cpp.hpp
[0.667s] -- Up-to-date symlink: /home/user/dd2419_ws/src/install/robp_interfaces/include/robp_interfaces/robp_interfaces/msg/detail/encoders__rosidl_typesupport_introspection_cpp.hpp
[0.667s] -- Up-to-date symlink: /home/user/dd2419_ws/src/install/robp_interfaces/share/robp_interfaces/environment/pythonpath.sh
[0.667s] -- Up-to-date symlink: /home/user/dd2419_ws/src/install/robp_interfaces/share/robp_interfaces/environment/pythonpath.dsv
[0.668s] -- Up-to-date symlink: /home/user/dd2419_ws/src/install/robp_interfaces/local/lib/python3.10/dist-packages/robp_interfaces-1.0.0-py3.10.egg-info/PKG-INFO
[0.668s] -- Up-to-date symlink: /home/user/dd2419_ws/src/install/robp_interfaces/local/lib/python3.10/dist-packages/robp_interfaces-1.0.0-py3.10.egg-info/SOURCES.txt
[0.668s] -- Up-to-date symlink: /home/user/dd2419_ws/src/install/robp_interfaces/local/lib/python3.10/dist-packages/robp_interfaces-1.0.0-py3.10.egg-info/dependency_links.txt
[0.668s] -- Up-to-date symlink: /home/user/dd2419_ws/src/install/robp_interfaces/local/lib/python3.10/dist-packages/robp_interfaces-1.0.0-py3.10.egg-info/top_level.txt
[0.669s] -- Up-to-date symlink: /home/user/dd2419_ws/src/install/robp_interfaces/local/lib/python3.10/dist-packages/robp_interfaces/__init__.py
[0.669s] -- Up-to-date symlink: /home/user/dd2419_ws/src/install/robp_interfaces/local/lib/python3.10/dist-packages/robp_interfaces/_robp_interfaces_s.ep.rosidl_typesupport_c.c
[0.669s] -- Up-to-date symlink: /home/user/dd2419_ws/src/install/robp_interfaces/local/lib/python3.10/dist-packages/robp_interfaces/_robp_interfaces_s.ep.rosidl_typesupport_fastrtps_c.c
[0.670s] -- Up-to-date symlink: /home/user/dd2419_ws/src/install/robp_interfaces/local/lib/python3.10/dist-packages/robp_interfaces/_robp_interfaces_s.ep.rosidl_typesupport_introspection_c.c
[0.670s] -- Up-to-date symlink: /home/user/dd2419_ws/src/install/robp_interfaces/local/lib/python3.10/dist-packages/robp_interfaces/librobp_interfaces__rosidl_generator_py.so
[0.670s] -- Up-to-date symlink: /home/user/dd2419_ws/src/install/robp_interfaces/local/lib/python3.10/dist-packages/robp_interfaces/msg/__init__.py
[0.670s] -- Up-to-date symlink: /home/user/dd2419_ws/src/install/robp_interfaces/local/lib/python3.10/dist-packages/robp_interfaces/msg/_duty_cycles.py
[0.670s] -- Up-to-date symlink: /home/user/dd2419_ws/src/install/robp_interfaces/local/lib/python3.10/dist-packages/robp_interfaces/msg/_duty_cycles_s.c
[0.670s] -- Up-to-date symlink: /home/user/dd2419_ws/src/install/robp_interfaces/local/lib/python3.10/dist-packages/robp_interfaces/msg/_encoders.py
[0.671s] -- Up-to-date symlink: /home/user/dd2419_ws/src/install/robp_interfaces/local/lib/python3.10/dist-packages/robp_interfaces/msg/_encoders_s.c
[0.671s] -- Up-to-date symlink: /home/user/dd2419_ws/src/install/robp_interfaces/local/lib/python3.10/dist-packages/robp_interfaces/robp_interfaces_s__rosidl_typesupport_c.cpython-310-x86_64-linux-gnu.so
[0.671s] -- Up-to-date symlink: /home/user/dd2419_ws/src/install/robp_interfaces/local/lib/python3.10/dist-packages/robp_interfaces/robp_interfaces_s__rosidl_typesupport_fastrtps_c.cpython-310-x86_64-linux-gnu.so
[0.671s] -- Up-to-date symlink: /home/user/dd2419_ws/src/install/robp_interfaces/local/lib/python3.10/dist-packages/robp_interfaces/robp_interfaces_s__rosidl_typesupport_introspection_c.cpython-310-x86_64-linux-gnu.so
[0.672s] -- Up-to-date symlink: /home/user/dd2419_ws/src/install/robp_interfaces/local/lib/python3.10/dist-packages/robp_interfaces/robp_interfaces_s__rosidl_typesupport_fastrtps_c.cpython-310-x86_64-linux-gnu.so
[0.672s] -- Up-to-date symlink: /home/user/dd2419_ws/src/install/robp_interfaces/local/lib/python3.10/dist-packages/robp_interfaces/robp_interfaces_s__rosidl_typesupport_introspection_c.cpython-310-x86_64-linux-gnu.so
[0.673s] -- Up-to-date symlink: /home/user/dd2419_ws/src/install/robp_interfaces/local/lib/python3.10/dist-packages/robp_interfaces/robp_interfaces_s__rosidl_typesupport_c.cpython-310-x86_64-linux-gnu.so
[0.673s] -- Up-to-date symlink: /home/user/dd2419_ws/src/install/robp_interfaces/share/robp_interfaces/msg/DutyCycles.idl
[0.673s] -- Up-to-date symlink: /home/user/dd2419_ws/src/install/robp_interfaces/share/robp_interfaces/msg/Encoders.idl
[0.673s] -- Up-to-date symlink: /home/user/dd2419_ws/src/install/robp_interfaces/share/robp_interfaces/msg/DutyCycles.msg
[0.674s] -- Up-to-date symlink: /home/user/dd2419_ws/src/install/robp_interfaces/share/robp_interfaces/msg/Encoders.msg
[0.674s] -- Up-to-date symlink: /home/user/dd2419_ws/src/install/robp_interfaces/share/ament_index/resource_index/package_run_dependencies/robp_interfaces
[0.674s] -- Up-to-date symlink: /home/user/dd2419_ws/src/install/robp_interfaces/share/ament_index/resource_index/parent_prefix_path/robp_interfaces
[0.674s] -- Up-to-date symlink: /home/user/dd2419_ws/src/install/robp_interfaces/share/robp_interfaces/environment/ament_prefix_path.sh
[0.674s] -- Up-to-date symlink: /home/user/dd2419_ws/src/install/robp_interfaces/share/robp_interfaces/environment/ament_prefix_path.dsv
[0.675s] -- Up-to-date symlink: /home/user/dd2419_ws/src/install/robp_interfaces/share/robp_interfaces/environment/path.sh
[0.675s] -- Up-to-date symlink: /home/user/dd2419_ws/src/install/robp_interfaces/share/robp_interfaces/environment/path.dsv
[0.675s] -- Up-to-date symlink: /home/user/dd2419_ws/src/install/robp_interfaces/share/robp_interfaces/local_setup.bash
[0.675s] -- Up-to-date symlink: /home/user/dd2419_ws/src/install/robp_interfaces/share/robp_interfaces/local_setup.sh
[0.675s] -- Up-to-date symlink: /home/user/dd2419_ws/src/install/robp_interfaces/share/robp_interfaces/local_setup.zsh
[0.675s] -- Up-to-date symlink: /home/user/dd2419_ws/src/install/robp_interfaces/share/robp_interfaces/local_setup.dsv
[0.675s] -- Symlinking: /home/user/dd2419_ws/src/install/robp_interfaces/share/robp_interfaces/package.dsv
[0.684s] -- Up-to-date symlink: /home/user/dd2419_ws/src/install/robp_interfaces/share/ament_index/resource_index/packages/robp_interfaces
[0.684s] -- Up-to-date symlink: /home/user/dd2419_ws/src/install/robp_interfaces/share/robp_interfaces/cmake/rosidl_cmake-extras.cmake
[0.684s] -- Up-to-date symlink: /home/user/dd2419_ws/src/install/robp_interfaces/share/robp_interfaces/cmake/ament_cmake_export_dependencies-extras.cmake
[0.685s] -- Up-to-date symlink: /home/user/dd2419_ws/src/install/robp_interfaces/share/robp_interfaces/cmake/ament_cmake_export_include_directories-extras.cmake
[0.685s] -- Up-to-date symlink: /home/user/dd2419_ws/src/install/robp_interfaces/share/robp_interfaces/cmake/ament_cmake_export_libraries-extras.cmake
[0.685s] -- Up-to-date symlink: /home/user/dd2419_ws/src/install/robp_interfaces/share/robp_interfaces/cmake/ament_cmake_export_targets-extras.cmake
[0.685s] -- Up-to-date symlink: /home/user/dd2419_ws/src/install/robp_interfaces/share/robp_interfaces/cmake/rosidl_cmake_export_typesupport_targets-extras.cmake
[0.686s] -- Up-to-date symlink: /home/user/dd2419_ws/src/install/robp_interfaces/share/robp_interfaces/cmake/rosidl_cmake_export_typesupport_libraries-extras.cmake
[0.686s] -- Up-to-date symlink: /home/user/dd2419_ws/src/install/robp_interfaces/share/robp_interfaces/cmake/robp_interfacesConfig.cmake
[0.687s] -- Up-to-date symlink: /home/user/dd2419_ws/src/install/robp_interfaces/share/robp_interfaces/cmake/robp_interfacesConfig-version.cmake
[0.687s] -- Up-to-date symlink: /home/user/dd2419_ws/src/install/robp_interfaces/share/robp_interfaces/package.xml
[0.687s] -- Up-to-date: /home/user/dd2419_ws/src/install/robp_interfaces/lib/librobp_interfaces__rosidl_generator_c.so
[0.687s] -- Up-to-date: /home/user/dd2419_ws/src/install/robp_interfaces/lib/librobp_interfaces__rosidl_typesupport_fastrtps_c.so
[0.688s] -- Up-to-date: /home/user/dd2419_ws/src/install/robp_interfaces/lib/librobp_interfaces__rosidl_typesupport_introspection_c.so
[0.688s] -- Up-to-date: /home/user/dd2419_ws/src/install/robp_interfaces/lib/librobp_interfaces__rosidl_typesupport_c.so
[0.689s] -- Up-to-date: /home/user/dd2419_ws/src/install/robp_interfaces/lib/librobp_interfaces__rosidl_typesupport_fastrtps_cpp.so
[0.689s] -- Up-to-date: /home/user/dd2419_ws/src/install/robp_interfaces/lib/librobp_interfaces__rosidl_typesupport_introspection_cpp.so
[0.690s] -- Up-to-date: /home/user/dd2419_ws/src/install/robp_interfaces/lib/librobp_interfaces__rosidl_typesupport_cpp.so
[0.719s] Listing '/home/user/dd2419_ws/src/install/robp_interfaces/local/lib/python3.10/dist-packages/robp_interfaces'...
[0.719s] Listing '/home/user/dd2419_ws/src/install/robp_interfaces/local/lib/python3.10/dist-packages/robp_interfaces/msg'...
[0.724s] -- Up-to-date: /home/user/dd2419_ws/src/install/robp_interfaces/lib/librobp_interfaces__rosidl_generator_py.so
[0.726s] -- Up-to-date: /home/user/dd2419_ws/src/install/robp_interfaces/share/robp_interfaces/cmake/export_robp_interfaces__rosidl_generator_cExport.cmake
[0.726s] -- Up-to-date: /home/user/dd2419_ws/src/install/robp_interfaces/share/robp_interfaces/cmake/export_robp_interfaces__rosidl_generator_cExport-noconfig.cmake
[0.726s] -- Up-to-date: /home/user/dd2419_ws/src/install/robp_interfaces/share/robp_interfaces/cmake/export_robp_interfaces__rosidl_typesupport_fastrtps_cExport.cmake
[0.727s] -- Up-to-date: /home/user/dd2419_ws/src/install/robp_interfaces/share/robp_interfaces/cmake/export_robp_interfaces__rosidl_typesupport_fastrtps_cExport-noconfig.cmake
[0.727s] -- Up-to-date: /home/user/dd2419_ws/src/install/robp_interfaces/share/robp_interfaces/cmake/robp_interfaces__rosidl_typesupport_introspection_cExport.cmake
[0.727s] -- Up-to-date: /home/user/dd2419_ws/src/install/robp_interfaces/share/robp_interfaces/cmake/robp_interfaces__rosidl_typesupport_introspection_cExport-noconfig.cmake
[0.727s] -- Up-to-date: /home/user/dd2419_ws/src/install/robp_interfaces/share/robp_interfaces/cmake/robp_interfaces__rosidl_typesupport_cExport.cmake
[0.727s] -- Up-to-date: /home/user/dd2419_ws/src/install/robp_interfaces/share/robp_interfaces/cmake/robp_interfaces__rosidl_typesupport_cExport-noconfig.cmake
[0.727s] -- Up-to-date: /home/user/dd2419_ws/src/install/robp_interfaces/share/robp_interfaces/cmake/export_robp_interfaces__rosidl_generator_cppExport.cmake
[0.728s] -- Up-to-date: /home/user/dd2419_ws/src/install/robp_interfaces/share/robp_interfaces/cmake/export_robp_interfaces__rosidl_typesupport_fastrtps_cppExport.cmake
[0.728s] -- Up-to-date: /home/user/dd2419_ws/src/install/robp_interfaces/share/robp_interfaces/cmake/export_robp_interfaces__rosidl_typesupport_fastrtps_cppExport-noconfig.cmake
[0.728s] -- Up-to-date: /home/user/dd2419_ws/src/install/robp_interfaces/share/robp_interfaces/cmake/robp_interfaces__rosidl_typesupport_introspection_cppExport.cmake
[0.728s] -- Up-to-date: /home/user/dd2419_ws/src/install/robp_interfaces/share/robp_interfaces/cmake/robp_interfaces__rosidl_typesupport_introspection_cppExport-noconfig.cmake
[0.728s] -- Up-to-date: /home/user/dd2419_ws/src/install/robp_interfaces/share/robp_interfaces/cmake/robp_interfaces__rosidl_typesupport_cppExport.cmake
[0.728s] -- Up-to-date: /home/user/dd2419_ws/src/install/robp_interfaces/share/robp_interfaces/cmake/robp_interfaces__rosidl_typesupport_cppExport-noconfig.cmake
[0.729s] -- Up-to-date: /home/user/dd2419_ws/src/install/robp_interfaces/share/robp_interfaces/cmake/export_robp_interfaces__rosidl_generator_pyExport.cmake
[0.729s] -- Up-to-date: /home/user/dd2419_ws/src/install/robp_interfaces/share/robp_interfaces/cmake/export_robp_interfaces__rosidl_generator_pyExport-noconfig.cmake
