[0.760s] Invoking command in '/home/user/dd2419_ws/src/build/arm_servos_pubs_subs': PYTHONPATH=/home/user/dd2419_ws/src/build/arm_servos_pubs_subs/prefix_override:/home/user/dd2419_ws/src/install/arm_servos_pubs_subs/lib/python3.10/site-packages:${PYTHONPATH} /usr/bin/python3 setup.py develop --editable --build-directory /home/user/dd2419_ws/src/build/arm_servos_pubs_subs/build --no-deps install_data
[0.959s] running develop
[0.960s] /usr/lib/python3/dist-packages/setuptools/command/easy_install.py:158: EasyInstallDeprecationWarning: easy_install command is deprecated. Use build and pip and other standards-based tools.
[0.960s]   warnings.warn(
[0.962s] /usr/lib/python3/dist-packages/setuptools/command/install.py:34: SetuptoolsDeprecationWarning: setup.py install is deprecated. Use build and pip and other standards-based tools.
[0.962s]   warnings.warn(
[1.077s] running egg_info
[1.077s] creating arm_servos_pubs_subs.egg-info
[1.077s] writing arm_servos_pubs_subs.egg-info/PKG-INFO
[1.078s] writing dependency_links to arm_servos_pubs_subs.egg-info/dependency_links.txt
[1.078s] writing entry points to arm_servos_pubs_subs.egg-info/entry_points.txt
[1.078s] writing requirements to arm_servos_pubs_subs.egg-info/requires.txt
[1.078s] writing top-level names to arm_servos_pubs_subs.egg-info/top_level.txt
[1.078s] writing manifest file 'arm_servos_pubs_subs.egg-info/SOURCES.txt'
[1.081s] reading manifest file 'arm_servos_pubs_subs.egg-info/SOURCES.txt'
[1.081s] writing manifest file 'arm_servos_pubs_subs.egg-info/SOURCES.txt'
[1.083s] running build_ext
[1.083s] Creating /home/user/dd2419_ws/src/install/arm_servos_pubs_subs/lib/python3.10/site-packages/arm-servos-pubs-subs.egg-link (link to .)
[1.084s] Installing listener script to /home/user/dd2419_ws/src/install/arm_servos_pubs_subs/lib/arm_servos_pubs_subs
[1.084s] Installing talker script to /home/user/dd2419_ws/src/install/arm_servos_pubs_subs/lib/arm_servos_pubs_subs
[1.084s] 
[1.085s] Installed /home/user/dd2419_ws/src/build/arm_servos_pubs_subs
[1.085s] running install_data
[1.085s] creating /home/user/dd2419_ws/src/install/arm_servos_pubs_subs/share/ament_index
[1.085s] creating /home/user/dd2419_ws/src/install/arm_servos_pubs_subs/share/ament_index/resource_index
[1.085s] creating /home/user/dd2419_ws/src/install/arm_servos_pubs_subs/share/ament_index/resource_index/packages
[1.085s] copying resource/arm_servos_pubs_subs -> /home/user/dd2419_ws/src/install/arm_servos_pubs_subs/share/ament_index/resource_index/packages
[1.085s] copying package.xml -> /home/user/dd2419_ws/src/install/arm_servos_pubs_subs/share/arm_servos_pubs_subs
