[0.061s] Invoking command in '/home/user/dd2419_ws/src/build/robp_interfaces': CMAKE_PREFIX_PATH=/opt/ros/humble /usr/bin/cmake /home/user/dd2419_ws/src/robp_robot/robp_interfaces -DAMENT_CMAKE_SYMLINK_INSTALL=1 -DCMAKE_INSTALL_PREFIX=/home/user/dd2419_ws/src/install/robp_interfaces
[0.097s] -- The C compiler identification is GNU 11.4.0
[0.135s] -- The CXX compiler identification is GNU 11.4.0
[0.140s] -- Detecting C compiler ABI info
[0.186s] -- Detecting C compiler ABI info - done
[0.191s] -- Check for working C compiler: /usr/bin/cc - skipped
[0.191s] -- Detecting C compile features
[0.191s] -- Detecting C compile features - done
[0.193s] -- Detecting CXX compiler ABI info
[0.247s] -- Detecting CXX compiler ABI info - done
[0.252s] -- Check for working CXX compiler: /usr/bin/c++ - skipped
[0.253s] -- Detecting CXX compile features
[0.253s] -- Detecting CXX compile features - done
[0.254s] -- Found ament_cmake: 1.3.6 (/opt/ros/humble/share/ament_cmake/cmake)
[0.368s] -- Found Python3: /usr/bin/python3.10 (found version "3.10.12") found components: Interpreter 
[0.410s] -- Override CMake install command with custom implementation using symlinks instead of copying resources
[0.432s] -- Found rosidl_default_generators: 1.2.0 (/opt/ros/humble/share/rosidl_default_generators/cmake)
[0.434s] -- Using all available rosidl_typesupport_c: rosidl_typesupport_fastrtps_c;rosidl_typesupport_introspection_c
[0.440s] -- Found rosidl_adapter: 3.1.5 (/opt/ros/humble/share/rosidl_adapter/cmake)
[0.468s] -- Using all available rosidl_typesupport_cpp: rosidl_typesupport_fastrtps_cpp;rosidl_typesupport_introspection_cpp
[0.490s] -- Found std_msgs: 4.2.3 (/opt/ros/humble/share/std_msgs/cmake)
[0.714s] -- Found ament_cmake_ros: 0.10.0 (/opt/ros/humble/share/ament_cmake_ros/cmake)
[0.880s] -- Using all available rosidl_typesupport_c: rosidl_typesupport_fastrtps_c;rosidl_typesupport_introspection_c
[1.069s] -- Using all available rosidl_typesupport_cpp: rosidl_typesupport_fastrtps_cpp;rosidl_typesupport_introspection_cpp
[1.090s] -- Found PythonInterp: /usr/bin/python3 (found suitable version "3.10.12", minimum required is "3.6") 
[1.091s] -- Found python_cmake_module: 0.10.0 (/opt/ros/humble/share/python_cmake_module/cmake)
[1.118s] -- Found PythonLibs: /usr/lib/x86_64-linux-gnu/libpython3.10.so (found suitable version "3.10.12", minimum required is "3.5") 
[1.119s] -- Using PYTHON_EXECUTABLE: /usr/bin/python3
[1.119s] -- Using PYTHON_INCLUDE_DIRS: /usr/include/python3.10
[1.119s] -- Using PYTHON_LIBRARIES: /usr/lib/x86_64-linux-gnu/libpython3.10.so
[1.174s] -- Found PythonExtra: .so  
[1.279s] -- Found ament_lint_auto: 0.12.9 (/opt/ros/humble/share/ament_lint_auto/cmake)
[1.311s] -- Added test 'lint_cmake' to check CMake code style
[1.312s] -- Added test 'xmllint' to check XML markup files
[1.316s] -- Configuring done
[1.412s] -- Generating done
[1.428s] -- Build files have been written to: /home/user/dd2419_ws/src/build/robp_interfaces
[1.439s] Invoked command in '/home/user/dd2419_ws/src/build/robp_interfaces' returned '0': CMAKE_PREFIX_PATH=/opt/ros/humble /usr/bin/cmake /home/user/dd2419_ws/src/robp_robot/robp_interfaces -DAMENT_CMAKE_SYMLINK_INSTALL=1 -DCMAKE_INSTALL_PREFIX=/home/user/dd2419_ws/src/install/robp_interfaces
[1.460s] Invoking command in '/home/user/dd2419_ws/src/build/robp_interfaces': CMAKE_PREFIX_PATH=/opt/ros/humble /usr/bin/cmake --build /home/user/dd2419_ws/src/build/robp_interfaces -- -j8 -l8
[1.618s] [  2%] [34m[1mGenerating C code for ROS interfaces[0m
[1.672s] [  5%] [34m[1mGenerating C++ code for ROS interfaces[0m
[1.711s] [  5%] Built target ament_cmake_python_symlink_robp_interfaces
[2.016s] running egg_info
[2.017s] creating robp_interfaces.egg-info
[2.018s] writing robp_interfaces.egg-info/PKG-INFO
[2.018s] writing dependency_links to robp_interfaces.egg-info/dependency_links.txt
[2.018s] writing top-level names to robp_interfaces.egg-info/top_level.txt
[2.019s] writing manifest file 'robp_interfaces.egg-info/SOURCES.txt'
[2.021s] reading manifest file 'robp_interfaces.egg-info/SOURCES.txt'
[2.022s] writing manifest file 'robp_interfaces.egg-info/SOURCES.txt'
[2.071s] [  5%] Built target ament_cmake_python_build_robp_interfaces_egg
[2.407s] [  5%] Built target robp_interfaces__cpp
[2.431s] [  7%] [34m[1mGenerating C++ introspection for ROS interfaces[0m
[2.441s] [ 10%] [34m[1mGenerating C++ type support dispatch for ROS interfaces[0m
[2.464s] [ 12%] [34m[1mGenerating C++ type support for eProsima Fast-RTPS[0m
[2.603s] [ 15%] [32mBuilding C object CMakeFiles/robp_interfaces__rosidl_generator_c.dir/rosidl_generator_c/robp_interfaces/msg/detail/duty_cycles__functions.c.o[0m
[2.615s] [ 17%] [32mBuilding C object CMakeFiles/robp_interfaces__rosidl_generator_c.dir/rosidl_generator_c/robp_interfaces/msg/detail/encoders__functions.c.o[0m
[2.799s] [ 20%] [32m[1mLinking C shared library librobp_interfaces__rosidl_generator_c.so[0m
[2.982s] [ 20%] Built target robp_interfaces__rosidl_generator_c
[3.040s] [ 23%] [34m[1mGenerating C type support for eProsima Fast-RTPS[0m
[3.054s] [ 25%] [34m[1mGenerating C introspection for ROS interfaces[0m
[3.055s] [ 28%] [32mBuilding CXX object CMakeFiles/robp_interfaces__rosidl_typesupport_fastrtps_cpp.dir/rosidl_typesupport_fastrtps_cpp/robp_interfaces/msg/detail/dds_fastrtps/duty_cycles__type_support.cpp.o[0m
[3.064s] [ 30%] [32mBuilding CXX object CMakeFiles/robp_interfaces__rosidl_typesupport_fastrtps_cpp.dir/rosidl_typesupport_fastrtps_cpp/robp_interfaces/msg/detail/dds_fastrtps/encoders__type_support.cpp.o[0m
[3.069s] [ 33%] [34m[1mGenerating C type support dispatch for ROS interfaces[0m
[3.151s] [ 35%] [32mBuilding CXX object CMakeFiles/robp_interfaces__rosidl_typesupport_introspection_cpp.dir/rosidl_typesupport_introspection_cpp/robp_interfaces/msg/detail/duty_cycles__type_support.cpp.o[0m
[3.171s] [ 38%] [32mBuilding CXX object CMakeFiles/robp_interfaces__rosidl_typesupport_introspection_cpp.dir/rosidl_typesupport_introspection_cpp/robp_interfaces/msg/detail/encoders__type_support.cpp.o[0m
[3.184s] [ 41%] [32mBuilding CXX object CMakeFiles/robp_interfaces__rosidl_typesupport_cpp.dir/rosidl_typesupport_cpp/robp_interfaces/msg/duty_cycles__type_support.cpp.o[0m
[3.880s] [ 43%] [32mBuilding CXX object CMakeFiles/robp_interfaces__rosidl_typesupport_c.dir/rosidl_typesupport_c/robp_interfaces/msg/duty_cycles__type_support.cpp.o[0m
[3.947s] [ 46%] [32mBuilding CXX object CMakeFiles/robp_interfaces__rosidl_typesupport_fastrtps_c.dir/rosidl_typesupport_fastrtps_c/robp_interfaces/msg/detail/duty_cycles__type_support_c.cpp.o[0m
[3.999s] [ 48%] [32mBuilding CXX object CMakeFiles/robp_interfaces__rosidl_typesupport_c.dir/rosidl_typesupport_c/robp_interfaces/msg/encoders__type_support.cpp.o[0m
[4.042s] [ 51%] [32mBuilding CXX object CMakeFiles/robp_interfaces__rosidl_typesupport_fastrtps_c.dir/rosidl_typesupport_fastrtps_c/robp_interfaces/msg/detail/encoders__type_support_c.cpp.o[0m
[4.059s] [ 53%] [32mBuilding C object CMakeFiles/robp_interfaces__rosidl_typesupport_introspection_c.dir/rosidl_typesupport_introspection_c/robp_interfaces/msg/detail/duty_cycles__type_support.c.o[0m
[4.089s] [ 56%] [32mBuilding CXX object CMakeFiles/robp_interfaces__rosidl_typesupport_cpp.dir/rosidl_typesupport_cpp/robp_interfaces/msg/encoders__type_support.cpp.o[0m
[4.140s] [ 58%] [32m[1mLinking CXX shared library librobp_interfaces__rosidl_typesupport_c.so[0m
[4.164s] [ 61%] [32mBuilding C object CMakeFiles/robp_interfaces__rosidl_typesupport_introspection_c.dir/rosidl_typesupport_introspection_c/robp_interfaces/msg/detail/encoders__type_support.c.o[0m
[4.223s] [ 64%] [32m[1mLinking CXX shared library librobp_interfaces__rosidl_typesupport_introspection_cpp.so[0m
[4.244s] [ 66%] [32m[1mLinking CXX shared library librobp_interfaces__rosidl_typesupport_fastrtps_cpp.so[0m
[4.279s] [ 69%] [32m[1mLinking C shared library librobp_interfaces__rosidl_typesupport_introspection_c.so[0m
[4.322s] [ 69%] Built target robp_interfaces__rosidl_typesupport_c
[4.363s] [ 69%] Built target robp_interfaces__rosidl_typesupport_introspection_cpp
[4.473s] [ 69%] Built target robp_interfaces__rosidl_typesupport_introspection_c
[4.545s] [ 69%] Built target robp_interfaces__rosidl_typesupport_fastrtps_cpp
[4.648s] [ 71%] [32m[1mLinking CXX shared library librobp_interfaces__rosidl_typesupport_cpp.so[0m
[4.795s] [ 74%] [32m[1mLinking CXX shared library librobp_interfaces__rosidl_typesupport_fastrtps_c.so[0m
[4.800s] [ 74%] Built target robp_interfaces__rosidl_typesupport_cpp
[5.040s] [ 74%] Built target robp_interfaces__rosidl_typesupport_fastrtps_c
[5.106s] [ 74%] Built target robp_interfaces
[5.128s] [ 76%] [34m[1mGenerating Python code for ROS interfaces[0m
[5.867s] [ 76%] Built target robp_interfaces__py
[5.964s] [ 79%] [32mBuilding C object CMakeFiles/robp_interfaces__rosidl_generator_py.dir/rosidl_generator_py/robp_interfaces/msg/_duty_cycles_s.c.o[0m
[5.984s] [ 82%] [32mBuilding C object CMakeFiles/robp_interfaces__rosidl_generator_py.dir/rosidl_generator_py/robp_interfaces/msg/_encoders_s.c.o[0m
[6.211s] [ 84%] [32m[1mLinking C shared library rosidl_generator_py/robp_interfaces/librobp_interfaces__rosidl_generator_py.so[0m
[6.379s] [ 84%] Built target robp_interfaces__rosidl_generator_py
[6.512s] [ 87%] [32mBuilding C object CMakeFiles/robp_interfaces__rosidl_typesupport_fastrtps_c__pyext.dir/rosidl_generator_py/robp_interfaces/_robp_interfaces_s.ep.rosidl_typesupport_fastrtps_c.c.o[0m
[6.523s] [ 89%] [32mBuilding C object CMakeFiles/robp_interfaces__rosidl_typesupport_c__pyext.dir/rosidl_generator_py/robp_interfaces/_robp_interfaces_s.ep.rosidl_typesupport_c.c.o[0m
[6.525s] [ 92%] [32mBuilding C object CMakeFiles/robp_interfaces__rosidl_typesupport_introspection_c__pyext.dir/rosidl_generator_py/robp_interfaces/_robp_interfaces_s.ep.rosidl_typesupport_introspection_c.c.o[0m
[6.648s] [ 94%] [32m[1mLinking C shared library rosidl_generator_py/robp_interfaces/robp_interfaces_s__rosidl_typesupport_fastrtps_c.cpython-310-x86_64-linux-gnu.so[0m
[6.650s] [ 97%] [32m[1mLinking C shared library rosidl_generator_py/robp_interfaces/robp_interfaces_s__rosidl_typesupport_introspection_c.cpython-310-x86_64-linux-gnu.so[0m
[6.672s] [100%] [32m[1mLinking C shared library rosidl_generator_py/robp_interfaces/robp_interfaces_s__rosidl_typesupport_c.cpython-310-x86_64-linux-gnu.so[0m
[6.690s] [100%] Built target robp_interfaces__rosidl_typesupport_fastrtps_c__pyext
[6.691s] [100%] Built target robp_interfaces__rosidl_typesupport_introspection_c__pyext
[6.701s] [100%] Built target robp_interfaces__rosidl_typesupport_c__pyext
[6.710s] Invoked command in '/home/user/dd2419_ws/src/build/robp_interfaces' returned '0': CMAKE_PREFIX_PATH=/opt/ros/humble /usr/bin/cmake --build /home/user/dd2419_ws/src/build/robp_interfaces -- -j8 -l8
[6.767s] Invoking command in '/home/user/dd2419_ws/src/build/robp_interfaces': CMAKE_PREFIX_PATH=/opt/ros/humble /usr/bin/cmake --install /home/user/dd2419_ws/src/build/robp_interfaces
[6.774s] -- Install configuration: ""
[6.774s] -- Execute custom install script
[6.774s] -- Symlinking: /home/user/dd2419_ws/src/install/robp_interfaces/share/ament_index/resource_index/rosidl_interfaces/robp_interfaces
[6.782s] -- Symlinking: /home/user/dd2419_ws/src/install/robp_interfaces/include/robp_interfaces/robp_interfaces/msg/detail/duty_cycles__functions.h
[6.789s] -- Symlinking: /home/user/dd2419_ws/src/install/robp_interfaces/include/robp_interfaces/robp_interfaces/msg/detail/duty_cycles__struct.h
[6.795s] -- Symlinking: /home/user/dd2419_ws/src/install/robp_interfaces/include/robp_interfaces/robp_interfaces/msg/detail/duty_cycles__type_support.h
[6.803s] -- Symlinking: /home/user/dd2419_ws/src/install/robp_interfaces/include/robp_interfaces/robp_interfaces/msg/detail/encoders__functions.h
[6.810s] -- Symlinking: /home/user/dd2419_ws/src/install/robp_interfaces/include/robp_interfaces/robp_interfaces/msg/detail/encoders__struct.h
[6.817s] -- Symlinking: /home/user/dd2419_ws/src/install/robp_interfaces/include/robp_interfaces/robp_interfaces/msg/detail/encoders__type_support.h
[6.824s] -- Symlinking: /home/user/dd2419_ws/src/install/robp_interfaces/include/robp_interfaces/robp_interfaces/msg/duty_cycles.h
[6.831s] -- Symlinking: /home/user/dd2419_ws/src/install/robp_interfaces/include/robp_interfaces/robp_interfaces/msg/encoders.h
[6.838s] -- Symlinking: /home/user/dd2419_ws/src/install/robp_interfaces/include/robp_interfaces/robp_interfaces/msg/rosidl_generator_c__visibility_control.h
[6.845s] -- Symlinking: /home/user/dd2419_ws/src/install/robp_interfaces/share/robp_interfaces/environment/library_path.sh
[6.854s] -- Symlinking: /home/user/dd2419_ws/src/install/robp_interfaces/share/robp_interfaces/environment/library_path.dsv
[6.863s] -- Symlinking: /home/user/dd2419_ws/src/install/robp_interfaces/include/robp_interfaces/robp_interfaces/msg/detail/duty_cycles__rosidl_typesupport_fastrtps_c.h
[6.870s] -- Symlinking: /home/user/dd2419_ws/src/install/robp_interfaces/include/robp_interfaces/robp_interfaces/msg/detail/encoders__rosidl_typesupport_fastrtps_c.h
[6.877s] -- Symlinking: /home/user/dd2419_ws/src/install/robp_interfaces/include/robp_interfaces/robp_interfaces/msg/rosidl_typesupport_fastrtps_c__visibility_control.h
[6.884s] -- Symlinking: /home/user/dd2419_ws/src/install/robp_interfaces/include/robp_interfaces/robp_interfaces/msg/detail/duty_cycles__rosidl_typesupport_introspection_c.h
[6.891s] -- Symlinking: /home/user/dd2419_ws/src/install/robp_interfaces/include/robp_interfaces/robp_interfaces/msg/detail/encoders__rosidl_typesupport_introspection_c.h
[6.898s] -- Symlinking: /home/user/dd2419_ws/src/install/robp_interfaces/include/robp_interfaces/robp_interfaces/msg/rosidl_typesupport_introspection_c__visibility_control.h
[6.905s] -- Symlinking: /home/user/dd2419_ws/src/install/robp_interfaces/include/robp_interfaces/robp_interfaces/msg/detail/duty_cycles__builder.hpp
[6.912s] -- Symlinking: /home/user/dd2419_ws/src/install/robp_interfaces/include/robp_interfaces/robp_interfaces/msg/detail/duty_cycles__struct.hpp
[6.918s] -- Symlinking: /home/user/dd2419_ws/src/install/robp_interfaces/include/robp_interfaces/robp_interfaces/msg/detail/duty_cycles__traits.hpp
[6.925s] -- Symlinking: /home/user/dd2419_ws/src/install/robp_interfaces/include/robp_interfaces/robp_interfaces/msg/detail/encoders__builder.hpp
[6.931s] -- Symlinking: /home/user/dd2419_ws/src/install/robp_interfaces/include/robp_interfaces/robp_interfaces/msg/detail/encoders__struct.hpp
[6.938s] -- Symlinking: /home/user/dd2419_ws/src/install/robp_interfaces/include/robp_interfaces/robp_interfaces/msg/detail/encoders__traits.hpp
[6.945s] -- Symlinking: /home/user/dd2419_ws/src/install/robp_interfaces/include/robp_interfaces/robp_interfaces/msg/duty_cycles.hpp
[6.951s] -- Symlinking: /home/user/dd2419_ws/src/install/robp_interfaces/include/robp_interfaces/robp_interfaces/msg/encoders.hpp
[6.958s] -- Symlinking: /home/user/dd2419_ws/src/install/robp_interfaces/include/robp_interfaces/robp_interfaces/msg/detail/duty_cycles__rosidl_typesupport_fastrtps_cpp.hpp
[6.965s] -- Symlinking: /home/user/dd2419_ws/src/install/robp_interfaces/include/robp_interfaces/robp_interfaces/msg/detail/encoders__rosidl_typesupport_fastrtps_cpp.hpp
[6.971s] -- Symlinking: /home/user/dd2419_ws/src/install/robp_interfaces/include/robp_interfaces/robp_interfaces/msg/rosidl_typesupport_fastrtps_cpp__visibility_control.h
[6.978s] -- Symlinking: /home/user/dd2419_ws/src/install/robp_interfaces/include/robp_interfaces/robp_interfaces/msg/detail/duty_cycles__rosidl_typesupport_introspection_cpp.hpp
[6.985s] -- Symlinking: /home/user/dd2419_ws/src/install/robp_interfaces/include/robp_interfaces/robp_interfaces/msg/detail/encoders__rosidl_typesupport_introspection_cpp.hpp
[6.991s] -- Symlinking: /home/user/dd2419_ws/src/install/robp_interfaces/share/robp_interfaces/environment/pythonpath.sh
[6.998s] -- Symlinking: /home/user/dd2419_ws/src/install/robp_interfaces/share/robp_interfaces/environment/pythonpath.dsv
[7.005s] -- Symlinking: /home/user/dd2419_ws/src/install/robp_interfaces/local/lib/python3.10/dist-packages/robp_interfaces-1.0.0-py3.10.egg-info/PKG-INFO
[7.011s] -- Symlinking: /home/user/dd2419_ws/src/install/robp_interfaces/local/lib/python3.10/dist-packages/robp_interfaces-1.0.0-py3.10.egg-info/SOURCES.txt
[7.017s] -- Symlinking: /home/user/dd2419_ws/src/install/robp_interfaces/local/lib/python3.10/dist-packages/robp_interfaces-1.0.0-py3.10.egg-info/dependency_links.txt
[7.024s] -- Symlinking: /home/user/dd2419_ws/src/install/robp_interfaces/local/lib/python3.10/dist-packages/robp_interfaces-1.0.0-py3.10.egg-info/top_level.txt
[7.030s] -- Symlinking: /home/user/dd2419_ws/src/install/robp_interfaces/local/lib/python3.10/dist-packages/robp_interfaces/__init__.py
[7.037s] -- Symlinking: /home/user/dd2419_ws/src/install/robp_interfaces/local/lib/python3.10/dist-packages/robp_interfaces/_robp_interfaces_s.ep.rosidl_typesupport_c.c
[7.043s] -- Symlinking: /home/user/dd2419_ws/src/install/robp_interfaces/local/lib/python3.10/dist-packages/robp_interfaces/_robp_interfaces_s.ep.rosidl_typesupport_fastrtps_c.c
[7.050s] -- Symlinking: /home/user/dd2419_ws/src/install/robp_interfaces/local/lib/python3.10/dist-packages/robp_interfaces/_robp_interfaces_s.ep.rosidl_typesupport_introspection_c.c
[7.057s] -- Symlinking: /home/user/dd2419_ws/src/install/robp_interfaces/local/lib/python3.10/dist-packages/robp_interfaces/librobp_interfaces__rosidl_generator_py.so
[7.063s] -- Symlinking: /home/user/dd2419_ws/src/install/robp_interfaces/local/lib/python3.10/dist-packages/robp_interfaces/msg/__init__.py
[7.070s] -- Symlinking: /home/user/dd2419_ws/src/install/robp_interfaces/local/lib/python3.10/dist-packages/robp_interfaces/msg/_duty_cycles.py
[7.077s] -- Symlinking: /home/user/dd2419_ws/src/install/robp_interfaces/local/lib/python3.10/dist-packages/robp_interfaces/msg/_duty_cycles_s.c
[7.083s] -- Symlinking: /home/user/dd2419_ws/src/install/robp_interfaces/local/lib/python3.10/dist-packages/robp_interfaces/msg/_encoders.py
[7.090s] -- Symlinking: /home/user/dd2419_ws/src/install/robp_interfaces/local/lib/python3.10/dist-packages/robp_interfaces/msg/_encoders_s.c
[7.097s] -- Symlinking: /home/user/dd2419_ws/src/install/robp_interfaces/local/lib/python3.10/dist-packages/robp_interfaces/robp_interfaces_s__rosidl_typesupport_c.cpython-310-x86_64-linux-gnu.so
[7.103s] -- Symlinking: /home/user/dd2419_ws/src/install/robp_interfaces/local/lib/python3.10/dist-packages/robp_interfaces/robp_interfaces_s__rosidl_typesupport_fastrtps_c.cpython-310-x86_64-linux-gnu.so
[7.109s] -- Symlinking: /home/user/dd2419_ws/src/install/robp_interfaces/local/lib/python3.10/dist-packages/robp_interfaces/robp_interfaces_s__rosidl_typesupport_introspection_c.cpython-310-x86_64-linux-gnu.so
[7.116s] -- Up-to-date symlink: /home/user/dd2419_ws/src/install/robp_interfaces/local/lib/python3.10/dist-packages/robp_interfaces/robp_interfaces_s__rosidl_typesupport_fastrtps_c.cpython-310-x86_64-linux-gnu.so
[7.116s] -- Up-to-date symlink: /home/user/dd2419_ws/src/install/robp_interfaces/local/lib/python3.10/dist-packages/robp_interfaces/robp_interfaces_s__rosidl_typesupport_introspection_c.cpython-310-x86_64-linux-gnu.so
[7.117s] -- Up-to-date symlink: /home/user/dd2419_ws/src/install/robp_interfaces/local/lib/python3.10/dist-packages/robp_interfaces/robp_interfaces_s__rosidl_typesupport_c.cpython-310-x86_64-linux-gnu.so
[7.117s] -- Symlinking: /home/user/dd2419_ws/src/install/robp_interfaces/share/robp_interfaces/msg/DutyCycles.idl
[7.123s] -- Symlinking: /home/user/dd2419_ws/src/install/robp_interfaces/share/robp_interfaces/msg/Encoders.idl
[7.130s] -- Symlinking: /home/user/dd2419_ws/src/install/robp_interfaces/share/robp_interfaces/msg/DutyCycles.msg
[7.138s] -- Symlinking: /home/user/dd2419_ws/src/install/robp_interfaces/share/robp_interfaces/msg/Encoders.msg
[7.144s] -- Symlinking: /home/user/dd2419_ws/src/install/robp_interfaces/share/ament_index/resource_index/package_run_dependencies/robp_interfaces
[7.151s] -- Symlinking: /home/user/dd2419_ws/src/install/robp_interfaces/share/ament_index/resource_index/parent_prefix_path/robp_interfaces
[7.158s] -- Symlinking: /home/user/dd2419_ws/src/install/robp_interfaces/share/robp_interfaces/environment/ament_prefix_path.sh
[7.165s] -- Symlinking: /home/user/dd2419_ws/src/install/robp_interfaces/share/robp_interfaces/environment/ament_prefix_path.dsv
[7.172s] -- Symlinking: /home/user/dd2419_ws/src/install/robp_interfaces/share/robp_interfaces/environment/path.sh
[7.179s] -- Symlinking: /home/user/dd2419_ws/src/install/robp_interfaces/share/robp_interfaces/environment/path.dsv
[7.186s] -- Symlinking: /home/user/dd2419_ws/src/install/robp_interfaces/share/robp_interfaces/local_setup.bash
[7.194s] -- Symlinking: /home/user/dd2419_ws/src/install/robp_interfaces/share/robp_interfaces/local_setup.sh
[7.200s] -- Symlinking: /home/user/dd2419_ws/src/install/robp_interfaces/share/robp_interfaces/local_setup.zsh
[7.207s] -- Symlinking: /home/user/dd2419_ws/src/install/robp_interfaces/share/robp_interfaces/local_setup.dsv
[7.214s] -- Symlinking: /home/user/dd2419_ws/src/install/robp_interfaces/share/robp_interfaces/package.dsv
[7.221s] -- Symlinking: /home/user/dd2419_ws/src/install/robp_interfaces/share/ament_index/resource_index/packages/robp_interfaces
[7.228s] -- Symlinking: /home/user/dd2419_ws/src/install/robp_interfaces/share/robp_interfaces/cmake/rosidl_cmake-extras.cmake
[7.235s] -- Symlinking: /home/user/dd2419_ws/src/install/robp_interfaces/share/robp_interfaces/cmake/ament_cmake_export_dependencies-extras.cmake
[7.242s] -- Symlinking: /home/user/dd2419_ws/src/install/robp_interfaces/share/robp_interfaces/cmake/ament_cmake_export_include_directories-extras.cmake
[7.252s] -- Symlinking: /home/user/dd2419_ws/src/install/robp_interfaces/share/robp_interfaces/cmake/ament_cmake_export_libraries-extras.cmake
[7.259s] -- Symlinking: /home/user/dd2419_ws/src/install/robp_interfaces/share/robp_interfaces/cmake/ament_cmake_export_targets-extras.cmake
[7.269s] -- Symlinking: /home/user/dd2419_ws/src/install/robp_interfaces/share/robp_interfaces/cmake/rosidl_cmake_export_typesupport_targets-extras.cmake
[7.278s] -- Symlinking: /home/user/dd2419_ws/src/install/robp_interfaces/share/robp_interfaces/cmake/rosidl_cmake_export_typesupport_libraries-extras.cmake
[7.285s] -- Symlinking: /home/user/dd2419_ws/src/install/robp_interfaces/share/robp_interfaces/cmake/robp_interfacesConfig.cmake
[7.292s] -- Symlinking: /home/user/dd2419_ws/src/install/robp_interfaces/share/robp_interfaces/cmake/robp_interfacesConfig-version.cmake
[7.299s] -- Symlinking: /home/user/dd2419_ws/src/install/robp_interfaces/share/robp_interfaces/package.xml
[7.306s] -- Installing: /home/user/dd2419_ws/src/install/robp_interfaces/lib/librobp_interfaces__rosidl_generator_c.so
[7.306s] -- Set runtime path of "/home/user/dd2419_ws/src/install/robp_interfaces/lib/librobp_interfaces__rosidl_generator_c.so" to ""
[7.306s] -- Installing: /home/user/dd2419_ws/src/install/robp_interfaces/lib/librobp_interfaces__rosidl_typesupport_fastrtps_c.so
[7.306s] -- Set runtime path of "/home/user/dd2419_ws/src/install/robp_interfaces/lib/librobp_interfaces__rosidl_typesupport_fastrtps_c.so" to ""
[7.306s] -- Installing: /home/user/dd2419_ws/src/install/robp_interfaces/lib/librobp_interfaces__rosidl_typesupport_introspection_c.so
[7.307s] -- Set runtime path of "/home/user/dd2419_ws/src/install/robp_interfaces/lib/librobp_interfaces__rosidl_typesupport_introspection_c.so" to ""
[7.307s] -- Installing: /home/user/dd2419_ws/src/install/robp_interfaces/lib/librobp_interfaces__rosidl_typesupport_c.so
[7.307s] -- Set runtime path of "/home/user/dd2419_ws/src/install/robp_interfaces/lib/librobp_interfaces__rosidl_typesupport_c.so" to ""
[7.307s] -- Installing: /home/user/dd2419_ws/src/install/robp_interfaces/lib/librobp_interfaces__rosidl_typesupport_fastrtps_cpp.so
[7.307s] -- Set runtime path of "/home/user/dd2419_ws/src/install/robp_interfaces/lib/librobp_interfaces__rosidl_typesupport_fastrtps_cpp.so" to ""
[7.307s] -- Installing: /home/user/dd2419_ws/src/install/robp_interfaces/lib/librobp_interfaces__rosidl_typesupport_introspection_cpp.so
[7.307s] -- Set runtime path of "/home/user/dd2419_ws/src/install/robp_interfaces/lib/librobp_interfaces__rosidl_typesupport_introspection_cpp.so" to ""
[7.307s] -- Installing: /home/user/dd2419_ws/src/install/robp_interfaces/lib/librobp_interfaces__rosidl_typesupport_cpp.so
[7.307s] -- Set runtime path of "/home/user/dd2419_ws/src/install/robp_interfaces/lib/librobp_interfaces__rosidl_typesupport_cpp.so" to ""
[7.334s] Listing '/home/user/dd2419_ws/src/install/robp_interfaces/local/lib/python3.10/dist-packages/robp_interfaces'...
[7.334s] Compiling '/home/user/dd2419_ws/src/install/robp_interfaces/local/lib/python3.10/dist-packages/robp_interfaces/__init__.py'...
[7.334s] Listing '/home/user/dd2419_ws/src/install/robp_interfaces/local/lib/python3.10/dist-packages/robp_interfaces/msg'...
[7.334s] Compiling '/home/user/dd2419_ws/src/install/robp_interfaces/local/lib/python3.10/dist-packages/robp_interfaces/msg/__init__.py'...
[7.335s] Compiling '/home/user/dd2419_ws/src/install/robp_interfaces/local/lib/python3.10/dist-packages/robp_interfaces/msg/_duty_cycles.py'...
[7.335s] Compiling '/home/user/dd2419_ws/src/install/robp_interfaces/local/lib/python3.10/dist-packages/robp_interfaces/msg/_encoders.py'...
[7.339s] -- Installing: /home/user/dd2419_ws/src/install/robp_interfaces/lib/librobp_interfaces__rosidl_generator_py.so
[7.339s] -- Set runtime path of "/home/user/dd2419_ws/src/install/robp_interfaces/lib/librobp_interfaces__rosidl_generator_py.so" to ""
[7.339s] -- Installing: /home/user/dd2419_ws/src/install/robp_interfaces/share/robp_interfaces/cmake/export_robp_interfaces__rosidl_generator_cExport.cmake
[7.339s] -- Installing: /home/user/dd2419_ws/src/install/robp_interfaces/share/robp_interfaces/cmake/export_robp_interfaces__rosidl_generator_cExport-noconfig.cmake
[7.340s] -- Installing: /home/user/dd2419_ws/src/install/robp_interfaces/share/robp_interfaces/cmake/export_robp_interfaces__rosidl_typesupport_fastrtps_cExport.cmake
[7.340s] -- Installing: /home/user/dd2419_ws/src/install/robp_interfaces/share/robp_interfaces/cmake/export_robp_interfaces__rosidl_typesupport_fastrtps_cExport-noconfig.cmake
[7.340s] -- Installing: /home/user/dd2419_ws/src/install/robp_interfaces/share/robp_interfaces/cmake/robp_interfaces__rosidl_typesupport_introspection_cExport.cmake
[7.340s] -- Installing: /home/user/dd2419_ws/src/install/robp_interfaces/share/robp_interfaces/cmake/robp_interfaces__rosidl_typesupport_introspection_cExport-noconfig.cmake
[7.340s] -- Installing: /home/user/dd2419_ws/src/install/robp_interfaces/share/robp_interfaces/cmake/robp_interfaces__rosidl_typesupport_cExport.cmake
[7.340s] -- Installing: /home/user/dd2419_ws/src/install/robp_interfaces/share/robp_interfaces/cmake/robp_interfaces__rosidl_typesupport_cExport-noconfig.cmake
[7.340s] -- Installing: /home/user/dd2419_ws/src/install/robp_interfaces/share/robp_interfaces/cmake/export_robp_interfaces__rosidl_generator_cppExport.cmake
[7.340s] -- Installing: /home/user/dd2419_ws/src/install/robp_interfaces/share/robp_interfaces/cmake/export_robp_interfaces__rosidl_typesupport_fastrtps_cppExport.cmake
[7.340s] -- Installing: /home/user/dd2419_ws/src/install/robp_interfaces/share/robp_interfaces/cmake/export_robp_interfaces__rosidl_typesupport_fastrtps_cppExport-noconfig.cmake
[7.340s] -- Installing: /home/user/dd2419_ws/src/install/robp_interfaces/share/robp_interfaces/cmake/robp_interfaces__rosidl_typesupport_introspection_cppExport.cmake
[7.340s] -- Installing: /home/user/dd2419_ws/src/install/robp_interfaces/share/robp_interfaces/cmake/robp_interfaces__rosidl_typesupport_introspection_cppExport-noconfig.cmake
[7.340s] -- Installing: /home/user/dd2419_ws/src/install/robp_interfaces/share/robp_interfaces/cmake/robp_interfaces__rosidl_typesupport_cppExport.cmake
[7.341s] -- Installing: /home/user/dd2419_ws/src/install/robp_interfaces/share/robp_interfaces/cmake/robp_interfaces__rosidl_typesupport_cppExport-noconfig.cmake
[7.341s] -- Installing: /home/user/dd2419_ws/src/install/robp_interfaces/share/robp_interfaces/cmake/export_robp_interfaces__rosidl_generator_pyExport.cmake
[7.341s] -- Installing: /home/user/dd2419_ws/src/install/robp_interfaces/share/robp_interfaces/cmake/export_robp_interfaces__rosidl_generator_pyExport-noconfig.cmake
[7.344s] Invoked command in '/home/user/dd2419_ws/src/build/robp_interfaces' returned '0': CMAKE_PREFIX_PATH=/opt/ros/humble /usr/bin/cmake --install /home/user/dd2419_ws/src/build/robp_interfaces
