[0.058s] DEBUG:colcon:Command line arguments: ['/usr/bin/colcon', 'list', '-p', '--base-paths', '/home/sitong/Dopey_Robot_Project']
[0.058s] DEBUG:colcon:Parsed command line arguments: Namespace(log_base=None, log_level=None, verb_name='list', build_base='build', ignore_user_meta=False, metas=['./colcon.meta'], base_paths=['/home/sitong/Dopey_Robot_Project'], packages_ignore=None, packages_ignore_regex=None, paths=None, packages_up_to=None, packages_up_to_regex=None, packages_above=None, packages_above_and_dependencies=None, packages_above_depth=None, packages_select_by_dep=None, packages_skip_by_dep=None, packages_skip_up_to=None, packages_select_build_failed=False, packages_skip_build_finished=False, packages_select_test_failures=False, packages_skip_test_passed=False, packages_select=None, packages_skip=None, packages_select_regex=None, packages_skip_regex=None, packages_start=None, packages_end=None, allow_overriding=[], topological_order=False, names_only=False, paths_only=True, topological_graph=False, topological_graph_dot=False, topological_graph_density=False, topological_graph_legend=False, topological_graph_dot_cluster=False, topological_graph_dot_include_skipped=False, mixin_files=None, mixin=None, verb_parser=<colcon_mixin.mixin.mixin_argument.MixinArgumentDecorator object at 0x763621408d00>, verb_extension=<colcon_package_information.verb.list.ListVerb object at 0x7636213c7c70>, main=<bound method ListVerb.main of <colcon_package_information.verb.list.ListVerb object at 0x7636213c7c70>>, mixin_verb=('list',))
[0.082s] Level 1:colcon.colcon_core.package_discovery:discover_packages(colcon_meta) check parameters
[0.082s] Level 1:colcon.colcon_core.package_discovery:discover_packages(recursive) check parameters
[0.082s] Level 1:colcon.colcon_core.package_discovery:discover_packages(ignore) check parameters
[0.082s] Level 1:colcon.colcon_core.package_discovery:discover_packages(path) check parameters
[0.082s] Level 1:colcon.colcon_core.package_discovery:discover_packages(recursive) discover
[0.082s] INFO:colcon.colcon_core.package_discovery:Crawling recursively for packages in '/home/sitong/Dopey_Robot_Project'
[0.082s] Level 1:colcon.colcon_core.package_identification:_identify(/home/sitong/Dopey_Robot_Project) by extensions ['ignore', 'ignore_ament_install']
[0.082s] Level 1:colcon.colcon_core.package_identification:_identify(/home/sitong/Dopey_Robot_Project) by extension 'ignore'
[0.082s] Level 1:colcon.colcon_core.package_identification:_identify(/home/sitong/Dopey_Robot_Project) by extension 'ignore_ament_install'
[0.082s] Level 1:colcon.colcon_core.package_identification:_identify(/home/sitong/Dopey_Robot_Project) by extensions ['colcon_pkg']
[0.082s] Level 1:colcon.colcon_core.package_identification:_identify(/home/sitong/Dopey_Robot_Project) by extension 'colcon_pkg'
[0.082s] Level 1:colcon.colcon_core.package_identification:_identify(/home/sitong/Dopey_Robot_Project) by extensions ['colcon_meta']
[0.082s] Level 1:colcon.colcon_core.package_identification:_identify(/home/sitong/Dopey_Robot_Project) by extension 'colcon_meta'
[0.082s] Level 1:colcon.colcon_core.package_identification:_identify(/home/sitong/Dopey_Robot_Project) by extensions ['ros']
[0.082s] Level 1:colcon.colcon_core.package_identification:_identify(/home/sitong/Dopey_Robot_Project) by extension 'ros'
[0.091s] Level 1:colcon.colcon_core.package_identification:_identify(/home/sitong/Dopey_Robot_Project) by extensions ['cmake', 'python']
[0.092s] Level 1:colcon.colcon_core.package_identification:_identify(/home/sitong/Dopey_Robot_Project) by extension 'cmake'
[0.092s] Level 1:colcon.colcon_core.package_identification:_identify(/home/sitong/Dopey_Robot_Project) by extension 'python'
[0.092s] Level 1:colcon.colcon_core.package_identification:_identify(/home/sitong/Dopey_Robot_Project) by extensions ['python_setup_py']
[0.092s] Level 1:colcon.colcon_core.package_identification:_identify(/home/sitong/Dopey_Robot_Project) by extension 'python_setup_py'
[0.092s] Level 1:colcon.colcon_core.package_identification:_identify(/home/sitong/Dopey_Robot_Project/NeuralNetV0) by extensions ['ignore', 'ignore_ament_install']
[0.092s] Level 1:colcon.colcon_core.package_identification:_identify(/home/sitong/Dopey_Robot_Project/NeuralNetV0) by extension 'ignore'
[0.092s] Level 1:colcon.colcon_core.package_identification:_identify(/home/sitong/Dopey_Robot_Project/NeuralNetV0) by extension 'ignore_ament_install'
[0.092s] Level 1:colcon.colcon_core.package_identification:_identify(/home/sitong/Dopey_Robot_Project/NeuralNetV0) by extensions ['colcon_pkg']
[0.092s] Level 1:colcon.colcon_core.package_identification:_identify(/home/sitong/Dopey_Robot_Project/NeuralNetV0) by extension 'colcon_pkg'
[0.092s] Level 1:colcon.colcon_core.package_identification:_identify(/home/sitong/Dopey_Robot_Project/NeuralNetV0) by extensions ['colcon_meta']
[0.092s] Level 1:colcon.colcon_core.package_identification:_identify(/home/sitong/Dopey_Robot_Project/NeuralNetV0) by extension 'colcon_meta'
[0.092s] Level 1:colcon.colcon_core.package_identification:_identify(/home/sitong/Dopey_Robot_Project/NeuralNetV0) by extensions ['ros']
[0.092s] Level 1:colcon.colcon_core.package_identification:_identify(/home/sitong/Dopey_Robot_Project/NeuralNetV0) by extension 'ros'
[0.092s] Level 1:colcon.colcon_core.package_identification:_identify(/home/sitong/Dopey_Robot_Project/NeuralNetV0) by extensions ['cmake', 'python']
[0.092s] Level 1:colcon.colcon_core.package_identification:_identify(/home/sitong/Dopey_Robot_Project/NeuralNetV0) by extension 'cmake'
[0.092s] Level 1:colcon.colcon_core.package_identification:_identify(/home/sitong/Dopey_Robot_Project/NeuralNetV0) by extension 'python'
[0.092s] Level 1:colcon.colcon_core.package_identification:_identify(/home/sitong/Dopey_Robot_Project/NeuralNetV0) by extensions ['python_setup_py']
[0.092s] Level 1:colcon.colcon_core.package_identification:_identify(/home/sitong/Dopey_Robot_Project/NeuralNetV0) by extension 'python_setup_py'
[0.092s] Level 1:colcon.colcon_core.package_identification:_identify(/home/sitong/Dopey_Robot_Project/NeuralNetV0/Dataset) by extensions ['ignore', 'ignore_ament_install']
[0.092s] Level 1:colcon.colcon_core.package_identification:_identify(/home/sitong/Dopey_Robot_Project/NeuralNetV0/Dataset) by extension 'ignore'
[0.092s] Level 1:colcon.colcon_core.package_identification:_identify(/home/sitong/Dopey_Robot_Project/NeuralNetV0/Dataset) by extension 'ignore_ament_install'
[0.092s] Level 1:colcon.colcon_core.package_identification:_identify(/home/sitong/Dopey_Robot_Project/NeuralNetV0/Dataset) by extensions ['colcon_pkg']
[0.092s] Level 1:colcon.colcon_core.package_identification:_identify(/home/sitong/Dopey_Robot_Project/NeuralNetV0/Dataset) by extension 'colcon_pkg'
[0.092s] Level 1:colcon.colcon_core.package_identification:_identify(/home/sitong/Dopey_Robot_Project/NeuralNetV0/Dataset) by extensions ['colcon_meta']
[0.092s] Level 1:colcon.colcon_core.package_identification:_identify(/home/sitong/Dopey_Robot_Project/NeuralNetV0/Dataset) by extension 'colcon_meta'
[0.092s] Level 1:colcon.colcon_core.package_identification:_identify(/home/sitong/Dopey_Robot_Project/NeuralNetV0/Dataset) by extensions ['ros']
[0.092s] Level 1:colcon.colcon_core.package_identification:_identify(/home/sitong/Dopey_Robot_Project/NeuralNetV0/Dataset) by extension 'ros'
[0.092s] Level 1:colcon.colcon_core.package_identification:_identify(/home/sitong/Dopey_Robot_Project/NeuralNetV0/Dataset) by extensions ['cmake', 'python']
[0.092s] Level 1:colcon.colcon_core.package_identification:_identify(/home/sitong/Dopey_Robot_Project/NeuralNetV0/Dataset) by extension 'cmake'
[0.092s] Level 1:colcon.colcon_core.package_identification:_identify(/home/sitong/Dopey_Robot_Project/NeuralNetV0/Dataset) by extension 'python'
[0.092s] Level 1:colcon.colcon_core.package_identification:_identify(/home/sitong/Dopey_Robot_Project/NeuralNetV0/Dataset) by extensions ['python_setup_py']
[0.092s] Level 1:colcon.colcon_core.package_identification:_identify(/home/sitong/Dopey_Robot_Project/NeuralNetV0/Dataset) by extension 'python_setup_py'
[0.092s] Level 1:colcon.colcon_core.package_identification:_identify(/home/sitong/Dopey_Robot_Project/NeuralNetV0/Dataset/raw_dataset) by extensions ['ignore', 'ignore_ament_install']
[0.092s] Level 1:colcon.colcon_core.package_identification:_identify(/home/sitong/Dopey_Robot_Project/NeuralNetV0/Dataset/raw_dataset) by extension 'ignore'
[0.092s] Level 1:colcon.colcon_core.package_identification:_identify(/home/sitong/Dopey_Robot_Project/NeuralNetV0/Dataset/raw_dataset) by extension 'ignore_ament_install'
[0.092s] Level 1:colcon.colcon_core.package_identification:_identify(/home/sitong/Dopey_Robot_Project/NeuralNetV0/Dataset/raw_dataset) by extensions ['colcon_pkg']
[0.092s] Level 1:colcon.colcon_core.package_identification:_identify(/home/sitong/Dopey_Robot_Project/NeuralNetV0/Dataset/raw_dataset) by extension 'colcon_pkg'
[0.093s] Level 1:colcon.colcon_core.package_identification:_identify(/home/sitong/Dopey_Robot_Project/NeuralNetV0/Dataset/raw_dataset) by extensions ['colcon_meta']
[0.093s] Level 1:colcon.colcon_core.package_identification:_identify(/home/sitong/Dopey_Robot_Project/NeuralNetV0/Dataset/raw_dataset) by extension 'colcon_meta'
[0.093s] Level 1:colcon.colcon_core.package_identification:_identify(/home/sitong/Dopey_Robot_Project/NeuralNetV0/Dataset/raw_dataset) by extensions ['ros']
[0.093s] Level 1:colcon.colcon_core.package_identification:_identify(/home/sitong/Dopey_Robot_Project/NeuralNetV0/Dataset/raw_dataset) by extension 'ros'
[0.093s] Level 1:colcon.colcon_core.package_identification:_identify(/home/sitong/Dopey_Robot_Project/NeuralNetV0/Dataset/raw_dataset) by extensions ['cmake', 'python']
[0.093s] Level 1:colcon.colcon_core.package_identification:_identify(/home/sitong/Dopey_Robot_Project/NeuralNetV0/Dataset/raw_dataset) by extension 'cmake'
[0.093s] Level 1:colcon.colcon_core.package_identification:_identify(/home/sitong/Dopey_Robot_Project/NeuralNetV0/Dataset/raw_dataset) by extension 'python'
[0.093s] Level 1:colcon.colcon_core.package_identification:_identify(/home/sitong/Dopey_Robot_Project/NeuralNetV0/Dataset/raw_dataset) by extensions ['python_setup_py']
[0.093s] Level 1:colcon.colcon_core.package_identification:_identify(/home/sitong/Dopey_Robot_Project/NeuralNetV0/Dataset/raw_dataset) by extension 'python_setup_py'
[0.093s] Level 1:colcon.colcon_core.package_identification:_identify(/home/sitong/Dopey_Robot_Project/log) by extensions ['ignore', 'ignore_ament_install']
[0.093s] Level 1:colcon.colcon_core.package_identification:_identify(/home/sitong/Dopey_Robot_Project/log) by extension 'ignore'
[0.093s] Level 1:colcon.colcon_core.package_identification:_identify(/home/sitong/Dopey_Robot_Project/log) ignored
[0.093s] Level 1:colcon.colcon_core.package_identification:_identify(/home/sitong/Dopey_Robot_Project/src) by extensions ['ignore', 'ignore_ament_install']
[0.093s] Level 1:colcon.colcon_core.package_identification:_identify(/home/sitong/Dopey_Robot_Project/src) by extension 'ignore'
[0.093s] Level 1:colcon.colcon_core.package_identification:_identify(/home/sitong/Dopey_Robot_Project/src) by extension 'ignore_ament_install'
[0.093s] Level 1:colcon.colcon_core.package_identification:_identify(/home/sitong/Dopey_Robot_Project/src) by extensions ['colcon_pkg']
[0.093s] Level 1:colcon.colcon_core.package_identification:_identify(/home/sitong/Dopey_Robot_Project/src) by extension 'colcon_pkg'
[0.093s] Level 1:colcon.colcon_core.package_identification:_identify(/home/sitong/Dopey_Robot_Project/src) by extensions ['colcon_meta']
[0.093s] Level 1:colcon.colcon_core.package_identification:_identify(/home/sitong/Dopey_Robot_Project/src) by extension 'colcon_meta'
[0.093s] Level 1:colcon.colcon_core.package_identification:_identify(/home/sitong/Dopey_Robot_Project/src) by extensions ['ros']
[0.093s] Level 1:colcon.colcon_core.package_identification:_identify(/home/sitong/Dopey_Robot_Project/src) by extension 'ros'
[0.093s] Level 1:colcon.colcon_core.package_identification:_identify(/home/sitong/Dopey_Robot_Project/src) by extensions ['cmake', 'python']
[0.093s] Level 1:colcon.colcon_core.package_identification:_identify(/home/sitong/Dopey_Robot_Project/src) by extension 'cmake'
[0.093s] Level 1:colcon.colcon_core.package_identification:_identify(/home/sitong/Dopey_Robot_Project/src) by extension 'python'
[0.093s] Level 1:colcon.colcon_core.package_identification:_identify(/home/sitong/Dopey_Robot_Project/src) by extensions ['python_setup_py']
[0.093s] Level 1:colcon.colcon_core.package_identification:_identify(/home/sitong/Dopey_Robot_Project/src) by extension 'python_setup_py'
[0.093s] Level 1:colcon.colcon_core.package_identification:_identify(/home/sitong/Dopey_Robot_Project/src/camera_config) by extensions ['ignore', 'ignore_ament_install']
[0.093s] Level 1:colcon.colcon_core.package_identification:_identify(/home/sitong/Dopey_Robot_Project/src/camera_config) by extension 'ignore'
[0.093s] Level 1:colcon.colcon_core.package_identification:_identify(/home/sitong/Dopey_Robot_Project/src/camera_config) by extension 'ignore_ament_install'
[0.093s] Level 1:colcon.colcon_core.package_identification:_identify(/home/sitong/Dopey_Robot_Project/src/camera_config) by extensions ['colcon_pkg']
[0.093s] Level 1:colcon.colcon_core.package_identification:_identify(/home/sitong/Dopey_Robot_Project/src/camera_config) by extension 'colcon_pkg'
[0.093s] Level 1:colcon.colcon_core.package_identification:_identify(/home/sitong/Dopey_Robot_Project/src/camera_config) by extensions ['colcon_meta']
[0.093s] Level 1:colcon.colcon_core.package_identification:_identify(/home/sitong/Dopey_Robot_Project/src/camera_config) by extension 'colcon_meta'
[0.093s] Level 1:colcon.colcon_core.package_identification:_identify(/home/sitong/Dopey_Robot_Project/src/camera_config) by extensions ['ros']
[0.093s] Level 1:colcon.colcon_core.package_identification:_identify(/home/sitong/Dopey_Robot_Project/src/camera_config) by extension 'ros'
[0.093s] Level 1:colcon.colcon_core.package_identification:_identify(/home/sitong/Dopey_Robot_Project/src/camera_config) by extensions ['cmake', 'python']
[0.093s] Level 1:colcon.colcon_core.package_identification:_identify(/home/sitong/Dopey_Robot_Project/src/camera_config) by extension 'cmake'
[0.093s] Level 1:colcon.colcon_core.package_identification:_identify(/home/sitong/Dopey_Robot_Project/src/camera_config) by extension 'python'
[0.093s] Level 1:colcon.colcon_core.package_identification:_identify(/home/sitong/Dopey_Robot_Project/src/camera_config) by extensions ['python_setup_py']
[0.093s] Level 1:colcon.colcon_core.package_identification:_identify(/home/sitong/Dopey_Robot_Project/src/camera_config) by extension 'python_setup_py'
[0.093s] Level 1:colcon.colcon_core.package_identification:_identify(/home/sitong/Dopey_Robot_Project/src/controller) by extensions ['ignore', 'ignore_ament_install']
[0.094s] Level 1:colcon.colcon_core.package_identification:_identify(/home/sitong/Dopey_Robot_Project/src/controller) by extension 'ignore'
[0.094s] Level 1:colcon.colcon_core.package_identification:_identify(/home/sitong/Dopey_Robot_Project/src/controller) by extension 'ignore_ament_install'
[0.094s] Level 1:colcon.colcon_core.package_identification:_identify(/home/sitong/Dopey_Robot_Project/src/controller) by extensions ['colcon_pkg']
[0.094s] Level 1:colcon.colcon_core.package_identification:_identify(/home/sitong/Dopey_Robot_Project/src/controller) by extension 'colcon_pkg'
[0.094s] Level 1:colcon.colcon_core.package_identification:_identify(/home/sitong/Dopey_Robot_Project/src/controller) by extensions ['colcon_meta']
[0.094s] Level 1:colcon.colcon_core.package_identification:_identify(/home/sitong/Dopey_Robot_Project/src/controller) by extension 'colcon_meta'
[0.094s] Level 1:colcon.colcon_core.package_identification:_identify(/home/sitong/Dopey_Robot_Project/src/controller) by extensions ['ros']
[0.094s] Level 1:colcon.colcon_core.package_identification:_identify(/home/sitong/Dopey_Robot_Project/src/controller) by extension 'ros'
[0.095s] DEBUG:colcon.colcon_core.package_identification:Package '/home/sitong/Dopey_Robot_Project/src/controller' with type 'ros.ament_python' and name 'controller'
[0.095s] Level 1:colcon.colcon_core.package_identification:_identify(/home/sitong/Dopey_Robot_Project/src/controller_config) by extensions ['ignore', 'ignore_ament_install']
[0.096s] Level 1:colcon.colcon_core.package_identification:_identify(/home/sitong/Dopey_Robot_Project/src/controller_config) by extension 'ignore'
[0.096s] Level 1:colcon.colcon_core.package_identification:_identify(/home/sitong/Dopey_Robot_Project/src/controller_config) by extension 'ignore_ament_install'
[0.096s] Level 1:colcon.colcon_core.package_identification:_identify(/home/sitong/Dopey_Robot_Project/src/controller_config) by extensions ['colcon_pkg']
[0.096s] Level 1:colcon.colcon_core.package_identification:_identify(/home/sitong/Dopey_Robot_Project/src/controller_config) by extension 'colcon_pkg'
[0.096s] Level 1:colcon.colcon_core.package_identification:_identify(/home/sitong/Dopey_Robot_Project/src/controller_config) by extensions ['colcon_meta']
[0.096s] Level 1:colcon.colcon_core.package_identification:_identify(/home/sitong/Dopey_Robot_Project/src/controller_config) by extension 'colcon_meta'
[0.096s] Level 1:colcon.colcon_core.package_identification:_identify(/home/sitong/Dopey_Robot_Project/src/controller_config) by extensions ['ros']
[0.096s] Level 1:colcon.colcon_core.package_identification:_identify(/home/sitong/Dopey_Robot_Project/src/controller_config) by extension 'ros'
[0.096s] Level 1:colcon.colcon_core.package_identification:_identify(/home/sitong/Dopey_Robot_Project/src/controller_config) by extensions ['cmake', 'python']
[0.096s] Level 1:colcon.colcon_core.package_identification:_identify(/home/sitong/Dopey_Robot_Project/src/controller_config) by extension 'cmake'
[0.096s] Level 1:colcon.colcon_core.package_identification:_identify(/home/sitong/Dopey_Robot_Project/src/controller_config) by extension 'python'
[0.096s] Level 1:colcon.colcon_core.package_identification:_identify(/home/sitong/Dopey_Robot_Project/src/controller_config) by extensions ['python_setup_py']
[0.096s] Level 1:colcon.colcon_core.package_identification:_identify(/home/sitong/Dopey_Robot_Project/src/controller_config) by extension 'python_setup_py'
[0.096s] Level 1:colcon.colcon_core.package_identification:_identify(/home/sitong/Dopey_Robot_Project/src/detection) by extensions ['ignore', 'ignore_ament_install']
[0.096s] Level 1:colcon.colcon_core.package_identification:_identify(/home/sitong/Dopey_Robot_Project/src/detection) by extension 'ignore'
[0.096s] Level 1:colcon.colcon_core.package_identification:_identify(/home/sitong/Dopey_Robot_Project/src/detection) by extension 'ignore_ament_install'
[0.096s] Level 1:colcon.colcon_core.package_identification:_identify(/home/sitong/Dopey_Robot_Project/src/detection) by extensions ['colcon_pkg']
[0.096s] Level 1:colcon.colcon_core.package_identification:_identify(/home/sitong/Dopey_Robot_Project/src/detection) by extension 'colcon_pkg'
[0.096s] Level 1:colcon.colcon_core.package_identification:_identify(/home/sitong/Dopey_Robot_Project/src/detection) by extensions ['colcon_meta']
[0.096s] Level 1:colcon.colcon_core.package_identification:_identify(/home/sitong/Dopey_Robot_Project/src/detection) by extension 'colcon_meta'
[0.096s] Level 1:colcon.colcon_core.package_identification:_identify(/home/sitong/Dopey_Robot_Project/src/detection) by extensions ['ros']
[0.096s] Level 1:colcon.colcon_core.package_identification:_identify(/home/sitong/Dopey_Robot_Project/src/detection) by extension 'ros'
[0.097s] DEBUG:colcon.colcon_core.package_identification:Package '/home/sitong/Dopey_Robot_Project/src/detection' with type 'ros.ament_python' and name 'detection'
[0.097s] Level 1:colcon.colcon_core.package_identification:_identify(/home/sitong/Dopey_Robot_Project/src/display_markers) by extensions ['ignore', 'ignore_ament_install']
[0.097s] Level 1:colcon.colcon_core.package_identification:_identify(/home/sitong/Dopey_Robot_Project/src/display_markers) by extension 'ignore'
[0.097s] Level 1:colcon.colcon_core.package_identification:_identify(/home/sitong/Dopey_Robot_Project/src/display_markers) by extension 'ignore_ament_install'
[0.097s] Level 1:colcon.colcon_core.package_identification:_identify(/home/sitong/Dopey_Robot_Project/src/display_markers) by extensions ['colcon_pkg']
[0.097s] Level 1:colcon.colcon_core.package_identification:_identify(/home/sitong/Dopey_Robot_Project/src/display_markers) by extension 'colcon_pkg'
[0.097s] Level 1:colcon.colcon_core.package_identification:_identify(/home/sitong/Dopey_Robot_Project/src/display_markers) by extensions ['colcon_meta']
[0.097s] Level 1:colcon.colcon_core.package_identification:_identify(/home/sitong/Dopey_Robot_Project/src/display_markers) by extension 'colcon_meta'
[0.097s] Level 1:colcon.colcon_core.package_identification:_identify(/home/sitong/Dopey_Robot_Project/src/display_markers) by extensions ['ros']
[0.097s] Level 1:colcon.colcon_core.package_identification:_identify(/home/sitong/Dopey_Robot_Project/src/display_markers) by extension 'ros'
[0.097s] DEBUG:colcon.colcon_core.package_identification:Package '/home/sitong/Dopey_Robot_Project/src/display_markers' with type 'ros.ament_python' and name 'display_markers'
[0.097s] Level 1:colcon.colcon_core.package_identification:_identify(/home/sitong/Dopey_Robot_Project/src/dopey) by extensions ['ignore', 'ignore_ament_install']
[0.097s] Level 1:colcon.colcon_core.package_identification:_identify(/home/sitong/Dopey_Robot_Project/src/dopey) by extension 'ignore'
[0.097s] Level 1:colcon.colcon_core.package_identification:_identify(/home/sitong/Dopey_Robot_Project/src/dopey) by extension 'ignore_ament_install'
[0.097s] Level 1:colcon.colcon_core.package_identification:_identify(/home/sitong/Dopey_Robot_Project/src/dopey) by extensions ['colcon_pkg']
[0.097s] Level 1:colcon.colcon_core.package_identification:_identify(/home/sitong/Dopey_Robot_Project/src/dopey) by extension 'colcon_pkg'
[0.097s] Level 1:colcon.colcon_core.package_identification:_identify(/home/sitong/Dopey_Robot_Project/src/dopey) by extensions ['colcon_meta']
[0.097s] Level 1:colcon.colcon_core.package_identification:_identify(/home/sitong/Dopey_Robot_Project/src/dopey) by extension 'colcon_meta'
[0.097s] Level 1:colcon.colcon_core.package_identification:_identify(/home/sitong/Dopey_Robot_Project/src/dopey) by extensions ['ros']
[0.097s] Level 1:colcon.colcon_core.package_identification:_identify(/home/sitong/Dopey_Robot_Project/src/dopey) by extension 'ros'
[0.098s] DEBUG:colcon.colcon_core.package_identification:Package '/home/sitong/Dopey_Robot_Project/src/dopey' with type 'ros.ament_cmake' and name 'dopey'
[0.098s] Level 1:colcon.colcon_core.package_identification:_identify(/home/sitong/Dopey_Robot_Project/src/install) by extensions ['ignore', 'ignore_ament_install']
[0.098s] Level 1:colcon.colcon_core.package_identification:_identify(/home/sitong/Dopey_Robot_Project/src/install) by extension 'ignore'
[0.098s] Level 1:colcon.colcon_core.package_identification:_identify(/home/sitong/Dopey_Robot_Project/src/install) ignored
[0.098s] Level 1:colcon.colcon_core.package_identification:_identify(/home/sitong/Dopey_Robot_Project/src/log) by extensions ['ignore', 'ignore_ament_install']
[0.098s] Level 1:colcon.colcon_core.package_identification:_identify(/home/sitong/Dopey_Robot_Project/src/log) by extension 'ignore'
[0.098s] Level 1:colcon.colcon_core.package_identification:_identify(/home/sitong/Dopey_Robot_Project/src/log) ignored
[0.098s] Level 1:colcon.colcon_core.package_identification:_identify(/home/sitong/Dopey_Robot_Project/src/odometry) by extensions ['ignore', 'ignore_ament_install']
[0.098s] Level 1:colcon.colcon_core.package_identification:_identify(/home/sitong/Dopey_Robot_Project/src/odometry) by extension 'ignore'
[0.098s] Level 1:colcon.colcon_core.package_identification:_identify(/home/sitong/Dopey_Robot_Project/src/odometry) by extension 'ignore_ament_install'
[0.098s] Level 1:colcon.colcon_core.package_identification:_identify(/home/sitong/Dopey_Robot_Project/src/odometry) by extensions ['colcon_pkg']
[0.098s] Level 1:colcon.colcon_core.package_identification:_identify(/home/sitong/Dopey_Robot_Project/src/odometry) by extension 'colcon_pkg'
[0.098s] Level 1:colcon.colcon_core.package_identification:_identify(/home/sitong/Dopey_Robot_Project/src/odometry) by extensions ['colcon_meta']
[0.099s] Level 1:colcon.colcon_core.package_identification:_identify(/home/sitong/Dopey_Robot_Project/src/odometry) by extension 'colcon_meta'
[0.099s] Level 1:colcon.colcon_core.package_identification:_identify(/home/sitong/Dopey_Robot_Project/src/odometry) by extensions ['ros']
[0.099s] Level 1:colcon.colcon_core.package_identification:_identify(/home/sitong/Dopey_Robot_Project/src/odometry) by extension 'ros'
[0.099s] DEBUG:colcon.colcon_core.package_identification:Package '/home/sitong/Dopey_Robot_Project/src/odometry' with type 'ros.ament_python' and name 'odometry'
[0.099s] Level 1:colcon.colcon_core.package_identification:_identify(/home/sitong/Dopey_Robot_Project/src/realsense-ros) by extensions ['ignore', 'ignore_ament_install']
[0.099s] Level 1:colcon.colcon_core.package_identification:_identify(/home/sitong/Dopey_Robot_Project/src/realsense-ros) by extension 'ignore'
[0.099s] Level 1:colcon.colcon_core.package_identification:_identify(/home/sitong/Dopey_Robot_Project/src/realsense-ros) by extension 'ignore_ament_install'
[0.099s] Level 1:colcon.colcon_core.package_identification:_identify(/home/sitong/Dopey_Robot_Project/src/realsense-ros) by extensions ['colcon_pkg']
[0.099s] Level 1:colcon.colcon_core.package_identification:_identify(/home/sitong/Dopey_Robot_Project/src/realsense-ros) by extension 'colcon_pkg'
[0.099s] Level 1:colcon.colcon_core.package_identification:_identify(/home/sitong/Dopey_Robot_Project/src/realsense-ros) by extensions ['colcon_meta']
[0.099s] Level 1:colcon.colcon_core.package_identification:_identify(/home/sitong/Dopey_Robot_Project/src/realsense-ros) by extension 'colcon_meta'
[0.099s] Level 1:colcon.colcon_core.package_identification:_identify(/home/sitong/Dopey_Robot_Project/src/realsense-ros) by extensions ['ros']
[0.099s] Level 1:colcon.colcon_core.package_identification:_identify(/home/sitong/Dopey_Robot_Project/src/realsense-ros) by extension 'ros'
[0.099s] Level 1:colcon.colcon_core.package_identification:_identify(/home/sitong/Dopey_Robot_Project/src/realsense-ros) by extensions ['cmake', 'python']
[0.099s] Level 1:colcon.colcon_core.package_identification:_identify(/home/sitong/Dopey_Robot_Project/src/realsense-ros) by extension 'cmake'
[0.099s] Level 1:colcon.colcon_core.package_identification:_identify(/home/sitong/Dopey_Robot_Project/src/realsense-ros) by extension 'python'
[0.099s] Level 1:colcon.colcon_core.package_identification:_identify(/home/sitong/Dopey_Robot_Project/src/realsense-ros) by extensions ['python_setup_py']
[0.099s] Level 1:colcon.colcon_core.package_identification:_identify(/home/sitong/Dopey_Robot_Project/src/realsense-ros) by extension 'python_setup_py'
[0.099s] Level 1:colcon.colcon_core.package_identification:_identify(/home/sitong/Dopey_Robot_Project/src/robp_boot_camp) by extensions ['ignore', 'ignore_ament_install']
[0.099s] Level 1:colcon.colcon_core.package_identification:_identify(/home/sitong/Dopey_Robot_Project/src/robp_boot_camp) by extension 'ignore'
[0.100s] Level 1:colcon.colcon_core.package_identification:_identify(/home/sitong/Dopey_Robot_Project/src/robp_boot_camp) by extension 'ignore_ament_install'
[0.100s] Level 1:colcon.colcon_core.package_identification:_identify(/home/sitong/Dopey_Robot_Project/src/robp_boot_camp) by extensions ['colcon_pkg']
[0.100s] Level 1:colcon.colcon_core.package_identification:_identify(/home/sitong/Dopey_Robot_Project/src/robp_boot_camp) by extension 'colcon_pkg'
[0.100s] Level 1:colcon.colcon_core.package_identification:_identify(/home/sitong/Dopey_Robot_Project/src/robp_boot_camp) by extensions ['colcon_meta']
[0.100s] Level 1:colcon.colcon_core.package_identification:_identify(/home/sitong/Dopey_Robot_Project/src/robp_boot_camp) by extension 'colcon_meta'
[0.100s] Level 1:colcon.colcon_core.package_identification:_identify(/home/sitong/Dopey_Robot_Project/src/robp_boot_camp) by extensions ['ros']
[0.100s] Level 1:colcon.colcon_core.package_identification:_identify(/home/sitong/Dopey_Robot_Project/src/robp_boot_camp) by extension 'ros'
[0.100s] Level 1:colcon.colcon_core.package_identification:_identify(/home/sitong/Dopey_Robot_Project/src/robp_boot_camp) by extensions ['cmake', 'python']
[0.100s] Level 1:colcon.colcon_core.package_identification:_identify(/home/sitong/Dopey_Robot_Project/src/robp_boot_camp) by extension 'cmake'
[0.100s] Level 1:colcon.colcon_core.package_identification:_identify(/home/sitong/Dopey_Robot_Project/src/robp_boot_camp) by extension 'python'
[0.100s] Level 1:colcon.colcon_core.package_identification:_identify(/home/sitong/Dopey_Robot_Project/src/robp_boot_camp) by extensions ['python_setup_py']
[0.100s] Level 1:colcon.colcon_core.package_identification:_identify(/home/sitong/Dopey_Robot_Project/src/robp_boot_camp) by extension 'python_setup_py'
[0.100s] Level 1:colcon.colcon_core.package_identification:_identify(/home/sitong/Dopey_Robot_Project/src/robp_robot) by extensions ['ignore', 'ignore_ament_install']
[0.100s] Level 1:colcon.colcon_core.package_identification:_identify(/home/sitong/Dopey_Robot_Project/src/robp_robot) by extension 'ignore'
[0.100s] Level 1:colcon.colcon_core.package_identification:_identify(/home/sitong/Dopey_Robot_Project/src/robp_robot) by extension 'ignore_ament_install'
[0.100s] Level 1:colcon.colcon_core.package_identification:_identify(/home/sitong/Dopey_Robot_Project/src/robp_robot) by extensions ['colcon_pkg']
[0.100s] Level 1:colcon.colcon_core.package_identification:_identify(/home/sitong/Dopey_Robot_Project/src/robp_robot) by extension 'colcon_pkg'
[0.100s] Level 1:colcon.colcon_core.package_identification:_identify(/home/sitong/Dopey_Robot_Project/src/robp_robot) by extensions ['colcon_meta']
[0.100s] Level 1:colcon.colcon_core.package_identification:_identify(/home/sitong/Dopey_Robot_Project/src/robp_robot) by extension 'colcon_meta'
[0.100s] Level 1:colcon.colcon_core.package_identification:_identify(/home/sitong/Dopey_Robot_Project/src/robp_robot) by extensions ['ros']
[0.100s] Level 1:colcon.colcon_core.package_identification:_identify(/home/sitong/Dopey_Robot_Project/src/robp_robot) by extension 'ros'
[0.100s] Level 1:colcon.colcon_core.package_identification:_identify(/home/sitong/Dopey_Robot_Project/src/robp_robot) by extensions ['cmake', 'python']
[0.100s] Level 1:colcon.colcon_core.package_identification:_identify(/home/sitong/Dopey_Robot_Project/src/robp_robot) by extension 'cmake'
[0.100s] Level 1:colcon.colcon_core.package_identification:_identify(/home/sitong/Dopey_Robot_Project/src/robp_robot) by extension 'python'
[0.100s] Level 1:colcon.colcon_core.package_identification:_identify(/home/sitong/Dopey_Robot_Project/src/robp_robot) by extensions ['python_setup_py']
[0.100s] Level 1:colcon.colcon_core.package_identification:_identify(/home/sitong/Dopey_Robot_Project/src/robp_robot) by extension 'python_setup_py'
[0.100s] Level 1:colcon.colcon_core.package_identification:_identify(/home/sitong/Dopey_Robot_Project/src/rplidar_ros) by extensions ['ignore', 'ignore_ament_install']
[0.100s] Level 1:colcon.colcon_core.package_identification:_identify(/home/sitong/Dopey_Robot_Project/src/rplidar_ros) by extension 'ignore'
[0.100s] Level 1:colcon.colcon_core.package_identification:_identify(/home/sitong/Dopey_Robot_Project/src/rplidar_ros) by extension 'ignore_ament_install'
[0.100s] Level 1:colcon.colcon_core.package_identification:_identify(/home/sitong/Dopey_Robot_Project/src/rplidar_ros) by extensions ['colcon_pkg']
[0.100s] Level 1:colcon.colcon_core.package_identification:_identify(/home/sitong/Dopey_Robot_Project/src/rplidar_ros) by extension 'colcon_pkg'
[0.100s] Level 1:colcon.colcon_core.package_identification:_identify(/home/sitong/Dopey_Robot_Project/src/rplidar_ros) by extensions ['colcon_meta']
[0.100s] Level 1:colcon.colcon_core.package_identification:_identify(/home/sitong/Dopey_Robot_Project/src/rplidar_ros) by extension 'colcon_meta'
[0.100s] Level 1:colcon.colcon_core.package_identification:_identify(/home/sitong/Dopey_Robot_Project/src/rplidar_ros) by extensions ['ros']
[0.100s] Level 1:colcon.colcon_core.package_identification:_identify(/home/sitong/Dopey_Robot_Project/src/rplidar_ros) by extension 'ros'
[0.100s] Level 1:colcon.colcon_core.package_identification:_identify(/home/sitong/Dopey_Robot_Project/src/rplidar_ros) by extensions ['cmake', 'python']
[0.100s] Level 1:colcon.colcon_core.package_identification:_identify(/home/sitong/Dopey_Robot_Project/src/rplidar_ros) by extension 'cmake'
[0.100s] Level 1:colcon.colcon_core.package_identification:_identify(/home/sitong/Dopey_Robot_Project/src/rplidar_ros) by extension 'python'
[0.100s] Level 1:colcon.colcon_core.package_identification:_identify(/home/sitong/Dopey_Robot_Project/src/rplidar_ros) by extensions ['python_setup_py']
[0.100s] Level 1:colcon.colcon_core.package_identification:_identify(/home/sitong/Dopey_Robot_Project/src/rplidar_ros) by extension 'python_setup_py'
[0.100s] Level 1:colcon.colcon_core.package_identification:_identify(/home/sitong/Dopey_Robot_Project/src/service_definitions) by extensions ['ignore', 'ignore_ament_install']
[0.100s] Level 1:colcon.colcon_core.package_identification:_identify(/home/sitong/Dopey_Robot_Project/src/service_definitions) by extension 'ignore'
[0.100s] Level 1:colcon.colcon_core.package_identification:_identify(/home/sitong/Dopey_Robot_Project/src/service_definitions) by extension 'ignore_ament_install'
[0.100s] Level 1:colcon.colcon_core.package_identification:_identify(/home/sitong/Dopey_Robot_Project/src/service_definitions) by extensions ['colcon_pkg']
[0.100s] Level 1:colcon.colcon_core.package_identification:_identify(/home/sitong/Dopey_Robot_Project/src/service_definitions) by extension 'colcon_pkg'
[0.100s] Level 1:colcon.colcon_core.package_identification:_identify(/home/sitong/Dopey_Robot_Project/src/service_definitions) by extensions ['colcon_meta']
[0.101s] Level 1:colcon.colcon_core.package_identification:_identify(/home/sitong/Dopey_Robot_Project/src/service_definitions) by extension 'colcon_meta'
[0.101s] Level 1:colcon.colcon_core.package_identification:_identify(/home/sitong/Dopey_Robot_Project/src/service_definitions) by extensions ['ros']
[0.101s] Level 1:colcon.colcon_core.package_identification:_identify(/home/sitong/Dopey_Robot_Project/src/service_definitions) by extension 'ros'
[0.101s] DEBUG:colcon.colcon_core.package_identification:Package '/home/sitong/Dopey_Robot_Project/src/service_definitions' with type 'ros.ament_cmake' and name 'service_definitions'
[0.101s] Level 1:colcon.colcon_core.package_identification:_identify(/home/sitong/Dopey_Robot_Project/src/slam) by extensions ['ignore', 'ignore_ament_install']
[0.101s] Level 1:colcon.colcon_core.package_identification:_identify(/home/sitong/Dopey_Robot_Project/src/slam) by extension 'ignore'
[0.101s] Level 1:colcon.colcon_core.package_identification:_identify(/home/sitong/Dopey_Robot_Project/src/slam) by extension 'ignore_ament_install'
[0.101s] Level 1:colcon.colcon_core.package_identification:_identify(/home/sitong/Dopey_Robot_Project/src/slam) by extensions ['colcon_pkg']
[0.101s] Level 1:colcon.colcon_core.package_identification:_identify(/home/sitong/Dopey_Robot_Project/src/slam) by extension 'colcon_pkg'
[0.101s] Level 1:colcon.colcon_core.package_identification:_identify(/home/sitong/Dopey_Robot_Project/src/slam) by extensions ['colcon_meta']
[0.101s] Level 1:colcon.colcon_core.package_identification:_identify(/home/sitong/Dopey_Robot_Project/src/slam) by extension 'colcon_meta'
[0.101s] Level 1:colcon.colcon_core.package_identification:_identify(/home/sitong/Dopey_Robot_Project/src/slam) by extensions ['ros']
[0.101s] Level 1:colcon.colcon_core.package_identification:_identify(/home/sitong/Dopey_Robot_Project/src/slam) by extension 'ros'
[0.102s] DEBUG:colcon.colcon_core.package_identification:Package '/home/sitong/Dopey_Robot_Project/src/slam' with type 'ros.ament_python' and name 'slam'
[0.102s] Level 1:colcon.colcon_core.package_identification:_identify(/home/sitong/Dopey_Robot_Project/src/teleop_twist_joy) by extensions ['ignore', 'ignore_ament_install']
[0.102s] Level 1:colcon.colcon_core.package_identification:_identify(/home/sitong/Dopey_Robot_Project/src/teleop_twist_joy) by extension 'ignore'
[0.102s] Level 1:colcon.colcon_core.package_identification:_identify(/home/sitong/Dopey_Robot_Project/src/teleop_twist_joy) by extension 'ignore_ament_install'
[0.102s] Level 1:colcon.colcon_core.package_identification:_identify(/home/sitong/Dopey_Robot_Project/src/teleop_twist_joy) by extensions ['colcon_pkg']
[0.102s] Level 1:colcon.colcon_core.package_identification:_identify(/home/sitong/Dopey_Robot_Project/src/teleop_twist_joy) by extension 'colcon_pkg'
[0.102s] Level 1:colcon.colcon_core.package_identification:_identify(/home/sitong/Dopey_Robot_Project/src/teleop_twist_joy) by extensions ['colcon_meta']
[0.102s] Level 1:colcon.colcon_core.package_identification:_identify(/home/sitong/Dopey_Robot_Project/src/teleop_twist_joy) by extension 'colcon_meta'
[0.102s] Level 1:colcon.colcon_core.package_identification:_identify(/home/sitong/Dopey_Robot_Project/src/teleop_twist_joy) by extensions ['ros']
[0.102s] Level 1:colcon.colcon_core.package_identification:_identify(/home/sitong/Dopey_Robot_Project/src/teleop_twist_joy) by extension 'ros'
[0.102s] Level 1:colcon.colcon_core.package_identification:_identify(/home/sitong/Dopey_Robot_Project/src/teleop_twist_joy) by extensions ['cmake', 'python']
[0.102s] Level 1:colcon.colcon_core.package_identification:_identify(/home/sitong/Dopey_Robot_Project/src/teleop_twist_joy) by extension 'cmake'
[0.102s] Level 1:colcon.colcon_core.package_identification:_identify(/home/sitong/Dopey_Robot_Project/src/teleop_twist_joy) by extension 'python'
[0.102s] Level 1:colcon.colcon_core.package_identification:_identify(/home/sitong/Dopey_Robot_Project/src/teleop_twist_joy) by extensions ['python_setup_py']
[0.102s] Level 1:colcon.colcon_core.package_identification:_identify(/home/sitong/Dopey_Robot_Project/src/teleop_twist_joy) by extension 'python_setup_py'
[0.102s] Level 1:colcon.colcon_core.package_identification:_identify(/home/sitong/Dopey_Robot_Project/src/teleop_twist_keyboard) by extensions ['ignore', 'ignore_ament_install']
[0.102s] Level 1:colcon.colcon_core.package_identification:_identify(/home/sitong/Dopey_Robot_Project/src/teleop_twist_keyboard) by extension 'ignore'
[0.102s] Level 1:colcon.colcon_core.package_identification:_identify(/home/sitong/Dopey_Robot_Project/src/teleop_twist_keyboard) by extension 'ignore_ament_install'
[0.102s] Level 1:colcon.colcon_core.package_identification:_identify(/home/sitong/Dopey_Robot_Project/src/teleop_twist_keyboard) by extensions ['colcon_pkg']
[0.102s] Level 1:colcon.colcon_core.package_identification:_identify(/home/sitong/Dopey_Robot_Project/src/teleop_twist_keyboard) by extension 'colcon_pkg'
[0.102s] Level 1:colcon.colcon_core.package_identification:_identify(/home/sitong/Dopey_Robot_Project/src/teleop_twist_keyboard) by extensions ['colcon_meta']
[0.102s] Level 1:colcon.colcon_core.package_identification:_identify(/home/sitong/Dopey_Robot_Project/src/teleop_twist_keyboard) by extension 'colcon_meta'
[0.102s] Level 1:colcon.colcon_core.package_identification:_identify(/home/sitong/Dopey_Robot_Project/src/teleop_twist_keyboard) by extensions ['ros']
[0.102s] Level 1:colcon.colcon_core.package_identification:_identify(/home/sitong/Dopey_Robot_Project/src/teleop_twist_keyboard) by extension 'ros'
[0.102s] Level 1:colcon.colcon_core.package_identification:_identify(/home/sitong/Dopey_Robot_Project/src/teleop_twist_keyboard) by extensions ['cmake', 'python']
[0.102s] Level 1:colcon.colcon_core.package_identification:_identify(/home/sitong/Dopey_Robot_Project/src/teleop_twist_keyboard) by extension 'cmake'
[0.102s] Level 1:colcon.colcon_core.package_identification:_identify(/home/sitong/Dopey_Robot_Project/src/teleop_twist_keyboard) by extension 'python'
[0.102s] Level 1:colcon.colcon_core.package_identification:_identify(/home/sitong/Dopey_Robot_Project/src/teleop_twist_keyboard) by extensions ['python_setup_py']
[0.102s] Level 1:colcon.colcon_core.package_identification:_identify(/home/sitong/Dopey_Robot_Project/src/teleop_twist_keyboard) by extension 'python_setup_py'
[0.102s] Level 1:colcon.colcon_core.package_identification:_identify(/home/sitong/Dopey_Robot_Project/src/temp) by extensions ['ignore', 'ignore_ament_install']
[0.102s] Level 1:colcon.colcon_core.package_identification:_identify(/home/sitong/Dopey_Robot_Project/src/temp) by extension 'ignore'
[0.102s] Level 1:colcon.colcon_core.package_identification:_identify(/home/sitong/Dopey_Robot_Project/src/temp) by extension 'ignore_ament_install'
[0.102s] Level 1:colcon.colcon_core.package_identification:_identify(/home/sitong/Dopey_Robot_Project/src/temp) by extensions ['colcon_pkg']
[0.102s] Level 1:colcon.colcon_core.package_identification:_identify(/home/sitong/Dopey_Robot_Project/src/temp) by extension 'colcon_pkg'
[0.102s] Level 1:colcon.colcon_core.package_identification:_identify(/home/sitong/Dopey_Robot_Project/src/temp) by extensions ['colcon_meta']
[0.102s] Level 1:colcon.colcon_core.package_identification:_identify(/home/sitong/Dopey_Robot_Project/src/temp) by extension 'colcon_meta'
[0.102s] Level 1:colcon.colcon_core.package_identification:_identify(/home/sitong/Dopey_Robot_Project/src/temp) by extensions ['ros']
[0.102s] Level 1:colcon.colcon_core.package_identification:_identify(/home/sitong/Dopey_Robot_Project/src/temp) by extension 'ros'
[0.102s] Level 1:colcon.colcon_core.package_identification:_identify(/home/sitong/Dopey_Robot_Project/src/temp) by extensions ['cmake', 'python']
[0.102s] Level 1:colcon.colcon_core.package_identification:_identify(/home/sitong/Dopey_Robot_Project/src/temp) by extension 'cmake'
[0.102s] Level 1:colcon.colcon_core.package_identification:_identify(/home/sitong/Dopey_Robot_Project/src/temp) by extension 'python'
[0.102s] Level 1:colcon.colcon_core.package_identification:_identify(/home/sitong/Dopey_Robot_Project/src/temp) by extensions ['python_setup_py']
[0.103s] Level 1:colcon.colcon_core.package_identification:_identify(/home/sitong/Dopey_Robot_Project/src/temp) by extension 'python_setup_py'
[0.103s] Level 1:colcon.colcon_core.package_identification:_identify(/home/sitong/Dopey_Robot_Project/src/texttospeech) by extensions ['ignore', 'ignore_ament_install']
[0.103s] Level 1:colcon.colcon_core.package_identification:_identify(/home/sitong/Dopey_Robot_Project/src/texttospeech) by extension 'ignore'
[0.103s] Level 1:colcon.colcon_core.package_identification:_identify(/home/sitong/Dopey_Robot_Project/src/texttospeech) by extension 'ignore_ament_install'
[0.103s] Level 1:colcon.colcon_core.package_identification:_identify(/home/sitong/Dopey_Robot_Project/src/texttospeech) by extensions ['colcon_pkg']
[0.103s] Level 1:colcon.colcon_core.package_identification:_identify(/home/sitong/Dopey_Robot_Project/src/texttospeech) by extension 'colcon_pkg'
[0.103s] Level 1:colcon.colcon_core.package_identification:_identify(/home/sitong/Dopey_Robot_Project/src/texttospeech) by extensions ['colcon_meta']
[0.103s] Level 1:colcon.colcon_core.package_identification:_identify(/home/sitong/Dopey_Robot_Project/src/texttospeech) by extension 'colcon_meta'
[0.103s] Level 1:colcon.colcon_core.package_identification:_identify(/home/sitong/Dopey_Robot_Project/src/texttospeech) by extensions ['ros']
[0.103s] Level 1:colcon.colcon_core.package_identification:_identify(/home/sitong/Dopey_Robot_Project/src/texttospeech) by extension 'ros'
[0.103s] Level 1:colcon.colcon_core.package_identification:_identify(/home/sitong/Dopey_Robot_Project/src/texttospeech) by extensions ['cmake', 'python']
[0.103s] Level 1:colcon.colcon_core.package_identification:_identify(/home/sitong/Dopey_Robot_Project/src/texttospeech) by extension 'cmake'
[0.103s] Level 1:colcon.colcon_core.package_identification:_identify(/home/sitong/Dopey_Robot_Project/src/texttospeech) by extension 'python'
[0.103s] Level 1:colcon.colcon_core.package_identification:_identify(/home/sitong/Dopey_Robot_Project/src/texttospeech) by extensions ['python_setup_py']
[0.103s] Level 1:colcon.colcon_core.package_identification:_identify(/home/sitong/Dopey_Robot_Project/src/texttospeech) by extension 'python_setup_py'
[0.103s] Level 1:colcon.colcon_core.package_discovery:discover_packages(recursive) using defaults
